[ 2018-10-06T15:55:38+08:00 ] 127.0.0.1 /myblog/index.php/ContentDet/index/articleId/8
INFO: [ app_init ] --START--
INFO: Run Behavior\BuildLiteBehavior [ RunTime:0.000000s ]
INFO: [ app_init ] --END-- [ RunTime:0.000000s ]
INFO: [ app_begin ] --START--
INFO: Run Behavior\ReadHtmlCacheBehavior [ RunTime:0.002001s ]
INFO: [ app_begin ] --END-- [ RunTime:0.002001s ]
NOTIC: [8] Undefined index: seainDia C:\xampp\htdocs\myBlog\application\Home\Controller\BaseController.class.php 第 13 行.
SQL: SHOW COLUMNS FROM `articles` [ RunTime:0.0040s ]
SQL: SELECT `type` FROM `articles` WHERE ( articleid=8 ) LIMIT 1   [ RunTime:0.0010s ]
SQL: SELECT `cateId` FROM `articles` WHERE ( articleid=8 ) LIMIT 1   [ RunTime:0.0000s ]
SQL: SHOW COLUMNS FROM `catelog` [ RunTime:0.0130s ]
SQL: SELECT * FROM `catelog`  [ RunTime:0.0170s ]
SQL: SELECT * FROM `articles` WHERE ( articleId=8 ) LIMIT 1   [ RunTime:0.0010s ]
SQL: SELECT `title`,`articleId` FROM `articles` WHERE ( type=1 and not articleId=8 ) ORDER BY hints desc LIMIT 4   [ RunTime:0.0000s ]
SQL: SELECT * FROM `articles` WHERE ( articleId=8 ) LIMIT 1   [ RunTime:0.0010s ]
SQL: UPDATE `articles` SET `hints`='4' WHERE ( articleId=8 ) [ RunTime:0.0090s ]
INFO: [ view_parse ] --START--
INFO: [ template_filter ] --START--
INFO: Run Behavior\ContentReplaceBehavior [ RunTime:0.000000s ]
INFO: [ template_filter ] --END-- [ RunTime:0.000000s ]
INFO: Run Behavior\ParseTemplateBehavior [ RunTime:0.050003s ]
INFO: [ view_parse ] --END-- [ RunTime:0.050003s ]
INFO: [ view_filter ] --START--
INFO: Run Behavior\WriteHtmlCacheBehavior [ RunTime:0.001000s ]
INFO: [ view_filter ] --END-- [ RunTime:0.001000s ]
INFO: [ app_end ] --START--
INFO: Run Behavior\ShowPageTraceBehavior [ RunTime:0.002000s ]
INFO: [ app_end ] --END-- [ RunTime:0.002000s ]

[ 2018-10-06T15:55:57+08:00 ] 127.0.0.1 /myblog/index.php/ContentDet/index/articleId/8
INFO: [ app_init ] --START--
INFO: Run Behavior\BuildLiteBehavior [ RunTime:0.000000s ]
INFO: [ app_init ] --END-- [ RunTime:0.001000s ]
INFO: [ app_begin ] --START--
INFO: Run Behavior\ReadHtmlCacheBehavior [ RunTime:0.001000s ]
INFO: [ app_begin ] --END-- [ RunTime:0.001000s ]
NOTIC: [8] Undefined index: seainDia C:\xampp\htdocs\myBlog\application\Home\Controller\BaseController.class.php 第 13 行.
SQL: SHOW COLUMNS FROM `articles` [ RunTime:0.0040s ]
SQL: SELECT `type` FROM `articles` WHERE ( articleid=8 ) LIMIT 1   [ RunTime:0.0010s ]
SQL: SELECT `cateId` FROM `articles` WHERE ( articleid=8 ) LIMIT 1   [ RunTime:0.0000s ]
SQL: SHOW COLUMNS FROM `catelog` [ RunTime:0.0040s ]
SQL: SELECT * FROM `catelog`  [ RunTime:0.0000s ]
SQL: SELECT * FROM `articles` WHERE ( articleId=8 ) LIMIT 1   [ RunTime:0.0010s ]
SQL: SELECT `title`,`articleId` FROM `articles` WHERE ( type=1 and not articleId=8 ) ORDER BY hints desc LIMIT 4   [ RunTime:0.0000s ]
SQL: SELECT * FROM `articles` WHERE ( articleId=8 ) LIMIT 1   [ RunTime:0.0000s ]
SQL: UPDATE `articles` SET `hints`='5' WHERE ( articleId=8 ) [ RunTime:0.0400s ]
INFO: [ view_parse ] --START--
INFO: [ template_filter ] --START--
INFO: Run Behavior\ContentReplaceBehavior [ RunTime:0.000000s ]
INFO: [ template_filter ] --END-- [ RunTime:0.000000s ]
INFO: Run Behavior\ParseTemplateBehavior [ RunTime:0.011001s ]
INFO: [ view_parse ] --END-- [ RunTime:0.011001s ]
INFO: [ view_filter ] --START--
INFO: Run Behavior\WriteHtmlCacheBehavior [ RunTime:0.001000s ]
INFO: [ view_filter ] --END-- [ RunTime:0.001000s ]
INFO: [ app_end ] --START--
INFO: Run Behavior\ShowPageTraceBehavior [ RunTime:0.002000s ]
INFO: [ app_end ] --END-- [ RunTime:0.002000s ]

