[ 2018-09-06T16:32:14+08:00 ] 127.0.0.1 /myblog/admin.php
INFO: [ app_init ] --START--
INFO: Run Behavior\BuildLiteBehavior [ RunTime:0.000000s ]
INFO: [ app_init ] --END-- [ RunTime:0.000000s ]
INFO: [ app_begin ] --START--
INFO: Run Behavior\ReadHtmlCacheBehavior [ RunTime:0.001000s ]
INFO: [ app_begin ] --END-- [ RunTime:0.001000s ]
INFO: [ view_parse ] --START--
INFO: [ template_filter ] --START--
INFO: Run Behavior\ContentReplaceBehavior [ RunTime:0.000000s ]
INFO: [ template_filter ] --END-- [ RunTime:0.000000s ]
INFO: Run Behavior\ParseTemplateBehavior [ RunTime:0.019002s ]
INFO: [ view_parse ] --END-- [ RunTime:0.019002s ]
INFO: [ view_filter ] --START--
INFO: Run Behavior\WriteHtmlCacheBehavior [ RunTime:0.001000s ]
INFO: [ view_filter ] --END-- [ RunTime:0.001000s ]
INFO: [ app_end ] --START--
INFO: Run Behavior\ShowPageTraceBehavior [ RunTime:0.002000s ]
INFO: [ app_end ] --END-- [ RunTime:0.002000s ]

[ 2018-09-06T16:32:24+08:00 ] 127.0.0.1 /myblog/admin.php/Index/checkLogin
INFO: [ app_init ] --START--
INFO: Run Behavior\BuildLiteBehavior [ RunTime:0.000000s ]
INFO: [ app_init ] --END-- [ RunTime:0.000000s ]
INFO: [ app_begin ] --START--
INFO: Run Behavior\ReadHtmlCacheBehavior [ RunTime:0.001000s ]
INFO: [ app_begin ] --END-- [ RunTime:0.002000s ]
SQL: SHOW COLUMNS FROM `admin` [ RunTime:0.0050s ]
SQL: SELECT * FROM `admin` WHERE ( userName='1093919186' && passWord='mxq741852963' )  [ RunTime:0.0250s ]
INFO: [ view_parse ] --START--
INFO: [ template_filter ] --START--
INFO: Run Behavior\ContentReplaceBehavior [ RunTime:0.000000s ]
INFO: [ template_filter ] --END-- [ RunTime:0.000000s ]
INFO: Run Behavior\ParseTemplateBehavior [ RunTime:0.012001s ]
INFO: [ view_parse ] --END-- [ RunTime:0.012001s ]
INFO: [ view_filter ] --START--
INFO: Run Behavior\WriteHtmlCacheBehavior [ RunTime:0.001000s ]
INFO: [ view_filter ] --END-- [ RunTime:0.001000s ]
INFO: [ app_end ] --START--
INFO: Run Behavior\ShowPageTraceBehavior [ RunTime:0.001000s ]
INFO: [ app_end ] --END-- [ RunTime:0.001000s ]

[ 2018-09-06T16:32:26+08:00 ] 127.0.0.1 /myblog/admin.php/AdmReprint/index.html
INFO: [ app_init ] --START--
INFO: Run Behavior\BuildLiteBehavior [ RunTime:0.000000s ]
INFO: [ app_init ] --END-- [ RunTime:0.001000s ]
INFO: [ app_begin ] --START--
INFO: Run Behavior\ReadHtmlCacheBehavior [ RunTime:0.002001s ]
INFO: [ app_begin ] --END-- [ RunTime:0.002001s ]
NOTIC: [8] Undefined index: searchDia C:\xampp\htdocs\myBlog\application\Admin\Controller\BaseController.class.php 第 13 行.
NOTIC: [8] Undefined index: searchNote C:\xampp\htdocs\myBlog\application\Admin\Controller\BaseController.class.php 第 17 行.
NOTIC: [8] Undefined index: searchRep C:\xampp\htdocs\myBlog\application\Admin\Controller\BaseController.class.php 第 21 行.
SQL: SHOW COLUMNS FROM `articles` [ RunTime:0.0050s ]
SQL: SELECT COUNT(*) AS tp_count FROM `articles` WHERE ( type=1 ) LIMIT 1   [ RunTime:0.0010s ]
SQL: SELECT `title`,`articleId`,`hints`,`origin` FROM `articles` WHERE ( type=1 ) ORDER BY dateandtime desc LIMIT 0,20   [ RunTime:0.0000s ]
INFO: [ view_parse ] --START--
INFO: [ template_filter ] --START--
INFO: Run Behavior\ContentReplaceBehavior [ RunTime:0.000000s ]
INFO: [ template_filter ] --END-- [ RunTime:0.000000s ]
INFO: Run Behavior\ParseTemplateBehavior [ RunTime:0.015001s ]
INFO: [ view_parse ] --END-- [ RunTime:0.015001s ]
INFO: [ view_filter ] --START--
INFO: Run Behavior\WriteHtmlCacheBehavior [ RunTime:0.001000s ]
INFO: [ view_filter ] --END-- [ RunTime:0.001000s ]
INFO: [ app_end ] --START--
INFO: Run Behavior\ShowPageTraceBehavior [ RunTime:0.001000s ]
INFO: [ app_end ] --END-- [ RunTime:0.001000s ]

[ 2018-09-06T16:32:28+08:00 ] 127.0.0.1 /myblog/admin.php/AdmDiary/index
INFO: [ app_init ] --START--
INFO: Run Behavior\BuildLiteBehavior [ RunTime:0.000000s ]
INFO: [ app_init ] --END-- [ RunTime:0.000000s ]
INFO: [ app_begin ] --START--
INFO: Run Behavior\ReadHtmlCacheBehavior [ RunTime:0.001000s ]
INFO: [ app_begin ] --END-- [ RunTime:0.001000s ]
NOTIC: [8] Undefined index: searchDia C:\xampp\htdocs\myBlog\application\Admin\Controller\BaseController.class.php 第 13 行.
NOTIC: [8] Undefined index: searchNote C:\xampp\htdocs\myBlog\application\Admin\Controller\BaseController.class.php 第 17 行.
NOTIC: [8] Undefined index: searchRep C:\xampp\htdocs\myBlog\application\Admin\Controller\BaseController.class.php 第 21 行.
SQL: SHOW COLUMNS FROM `diary` [ RunTime:0.0160s ]
SQL: SELECT COUNT(*) AS tp_count FROM `diary` LIMIT 1   [ RunTime:0.0000s ]
SQL: SELECT * FROM `diary` ORDER BY dateandtime desc LIMIT 0,20   [ RunTime:0.0010s ]
INFO: [ view_parse ] --START--
INFO: [ template_filter ] --START--
INFO: Run Behavior\ContentReplaceBehavior [ RunTime:0.000000s ]
INFO: [ template_filter ] --END-- [ RunTime:0.000000s ]
INFO: Run Behavior\ParseTemplateBehavior [ RunTime:0.010000s ]
INFO: [ view_parse ] --END-- [ RunTime:0.011000s ]
INFO: [ view_filter ] --START--
INFO: Run Behavior\WriteHtmlCacheBehavior [ RunTime:0.002000s ]
INFO: [ view_filter ] --END-- [ RunTime:0.002000s ]
INFO: [ app_end ] --START--
INFO: Run Behavior\ShowPageTraceBehavior [ RunTime:0.001000s ]
INFO: [ app_end ] --END-- [ RunTime:0.001000s ]

[ 2018-09-06T16:32:30+08:00 ] 127.0.0.1 /myblog/admin.php/ChangeDia/index/diaryId/9
INFO: [ app_init ] --START--
INFO: Run Behavior\BuildLiteBehavior [ RunTime:0.000000s ]
INFO: [ app_init ] --END-- [ RunTime:0.000000s ]
INFO: [ app_begin ] --START--
INFO: Run Behavior\ReadHtmlCacheBehavior [ RunTime:0.000000s ]
INFO: [ app_begin ] --END-- [ RunTime:0.000000s ]
NOTIC: [8] Undefined index: searchDia C:\xampp\htdocs\myBlog\application\Admin\Controller\BaseController.class.php 第 13 行.
NOTIC: [8] Undefined index: searchNote C:\xampp\htdocs\myBlog\application\Admin\Controller\BaseController.class.php 第 17 行.
NOTIC: [8] Undefined index: searchRep C:\xampp\htdocs\myBlog\application\Admin\Controller\BaseController.class.php 第 21 行.
SQL: SHOW COLUMNS FROM `diary` [ RunTime:0.0040s ]
SQL: SELECT * FROM `diary` WHERE ( diaryId=9 ) LIMIT 1   [ RunTime:0.0000s ]
INFO: [ view_parse ] --START--
INFO: [ template_filter ] --START--
INFO: Run Behavior\ContentReplaceBehavior [ RunTime:0.000000s ]
INFO: [ template_filter ] --END-- [ RunTime:0.000000s ]
INFO: Run Behavior\ParseTemplateBehavior [ RunTime:0.014001s ]
INFO: [ view_parse ] --END-- [ RunTime:0.014001s ]
INFO: [ view_filter ] --START--
INFO: Run Behavior\WriteHtmlCacheBehavior [ RunTime:0.001000s ]
INFO: [ view_filter ] --END-- [ RunTime:0.001000s ]
INFO: [ app_end ] --START--
INFO: Run Behavior\ShowPageTraceBehavior [ RunTime:0.001000s ]
INFO: [ app_end ] --END-- [ RunTime:0.001000s ]

[ 2018-09-06T16:33:10+08:00 ] 127.0.0.1 /myblog/admin.php/ChangeDia/update
INFO: [ app_init ] --START--
INFO: Run Behavior\BuildLiteBehavior [ RunTime:0.000000s ]
INFO: [ app_init ] --END-- [ RunTime:0.000000s ]
INFO: [ app_begin ] --START--
INFO: Run Behavior\ReadHtmlCacheBehavior [ RunTime:0.001000s ]
INFO: [ app_begin ] --END-- [ RunTime:0.001000s ]
NOTIC: [8] Undefined index: searchDia C:\xampp\htdocs\myBlog\application\Admin\Controller\BaseController.class.php 第 13 行.
NOTIC: [8] Undefined index: searchNote C:\xampp\htdocs\myBlog\application\Admin\Controller\BaseController.class.php 第 17 行.
NOTIC: [8] Undefined index: searchRep C:\xampp\htdocs\myBlog\application\Admin\Controller\BaseController.class.php 第 21 行.
SQL: SHOW COLUMNS FROM `diary` [ RunTime:0.0030s ]
SQL: update diary set  title='测试',content='
                        <div class="zhenwen"><p>
	1. 铝土矿选矿脱硅药剂研究及工业试验，部级，有色工业协会，二等奖，2001.11.排名第10.
</p>
<p>
	2. 山西铝土矿选矿脱硅新技术研究，部级，有色工业协会，二等奖，2003.11。排名第8.
</p>
<p>
	3. 2010年，中国有色金属工业协会，科技进步二等奖，排名第2名
</p>
<p>
	4. 2011年，中国有色金属工业协会，科技进步二等奖，排名第1名
</p>
<p>
	5. 2011年，中国教育部，中国高等学校2010年十大科技进展，排名第9名。
</p><table class="winstyle18308" width="100%" cellspacing="0" cellpadding="0" border="0"><tbody><tr><td class="contentstyle18308"><div class="c18308_content" id="vsb_newscontent"><div id="vsb_content"><p><a href="http://www.ysxbcn.com/paper/paper_316120.html">http://www.ysxbcn.com/paper/paper_316120.html</a></p>
</div></div>
          
           
           
        </td></tr>
        
        <tr><td class="pagestyle18308" align="left">
        </td></tr>
        <tr><td><div id="div_vote_id"></div></td></tr>
      <tr><td class="navstyle18308">
        </td></tr>
    <tr><td align="left">
             附件【<a href="http://hyh.csu.edu.cn/system/_content/download.jsp?urltype=news.DownloadAttachUrl&amp;owner=1140433649&amp;wbfileid=1542518">2017-金属离子对矿物浮选行为的影响及机理研究进展.pdf</a>】已下载<span id="nattach1542518">128</span>次</td></tr></tbody></table></div>                                        ' where diaryId=9; [ RunTime:0.0860s ]
INFO: [ view_parse ] --START--
INFO: [ template_filter ] --START--
INFO: Run Behavior\ContentReplaceBehavior [ RunTime:0.000000s ]
INFO: [ template_filter ] --END-- [ RunTime:0.000000s ]
INFO: Run Behavior\ParseTemplateBehavior [ RunTime:0.008001s ]
INFO: [ view_parse ] --END-- [ RunTime:0.008001s ]
INFO: [ view_filter ] --START--
INFO: Run Behavior\WriteHtmlCacheBehavior [ RunTime:0.001000s ]
INFO: [ view_filter ] --END-- [ RunTime:0.001000s ]
INFO: [ app_end ] --START--
INFO: Run Behavior\ShowPageTraceBehavior [ RunTime:0.001000s ]
INFO: [ app_end ] --END-- [ RunTime:0.001000s ]

[ 2018-09-06T16:33:12+08:00 ] 127.0.0.1 /myblog/admin.php/AdmDiary/index
INFO: [ app_init ] --START--
INFO: Run Behavior\BuildLiteBehavior [ RunTime:0.000000s ]
INFO: [ app_init ] --END-- [ RunTime:0.000000s ]
INFO: [ app_begin ] --START--
INFO: Run Behavior\ReadHtmlCacheBehavior [ RunTime:0.001000s ]
INFO: [ app_begin ] --END-- [ RunTime:0.001000s ]
NOTIC: [8] Undefined index: searchDia C:\xampp\htdocs\myBlog\application\Admin\Controller\BaseController.class.php 第 13 行.
NOTIC: [8] Undefined index: searchNote C:\xampp\htdocs\myBlog\application\Admin\Controller\BaseController.class.php 第 17 行.
NOTIC: [8] Undefined index: searchRep C:\xampp\htdocs\myBlog\application\Admin\Controller\BaseController.class.php 第 21 行.
SQL: SHOW COLUMNS FROM `diary` [ RunTime:0.0050s ]
SQL: SELECT COUNT(*) AS tp_count FROM `diary` LIMIT 1   [ RunTime:0.0010s ]
SQL: SELECT * FROM `diary` ORDER BY dateandtime desc LIMIT 0,20   [ RunTime:0.0010s ]
INFO: [ view_parse ] --START--
INFO: [ template_filter ] --START--
INFO: Run Behavior\ContentReplaceBehavior [ RunTime:0.000000s ]
INFO: [ template_filter ] --END-- [ RunTime:0.000000s ]
INFO: Run Behavior\ParseTemplateBehavior [ RunTime:0.011001s ]
INFO: [ view_parse ] --END-- [ RunTime:0.011001s ]
INFO: [ view_filter ] --START--
INFO: Run Behavior\WriteHtmlCacheBehavior [ RunTime:0.001000s ]
INFO: [ view_filter ] --END-- [ RunTime:0.001000s ]
INFO: [ app_end ] --START--
INFO: Run Behavior\ShowPageTraceBehavior [ RunTime:0.001000s ]
INFO: [ app_end ] --END-- [ RunTime:0.001000s ]

[ 2018-09-06T16:35:50+08:00 ] 127.0.0.1 /myblog/admin.php/ChangeDia/index/diaryId/9
INFO: [ app_init ] --START--
INFO: Run Behavior\BuildLiteBehavior [ RunTime:0.000000s ]
INFO: [ app_init ] --END-- [ RunTime:0.001001s ]
INFO: [ app_begin ] --START--
INFO: Run Behavior\ReadHtmlCacheBehavior [ RunTime:0.003000s ]
INFO: [ app_begin ] --END-- [ RunTime:0.003000s ]
NOTIC: [8] Undefined index: searchDia C:\xampp\htdocs\myBlog\application\Admin\Controller\BaseController.class.php 第 13 行.
NOTIC: [8] Undefined index: searchNote C:\xampp\htdocs\myBlog\application\Admin\Controller\BaseController.class.php 第 17 行.
NOTIC: [8] Undefined index: searchRep C:\xampp\htdocs\myBlog\application\Admin\Controller\BaseController.class.php 第 21 行.
SQL: SHOW COLUMNS FROM `diary` [ RunTime:0.0040s ]
SQL: SELECT * FROM `diary` WHERE ( diaryId=9 ) LIMIT 1   [ RunTime:0.0000s ]
INFO: [ view_parse ] --START--
INFO: [ template_filter ] --START--
INFO: Run Behavior\ContentReplaceBehavior [ RunTime:0.000000s ]
INFO: [ template_filter ] --END-- [ RunTime:0.000000s ]
INFO: Run Behavior\ParseTemplateBehavior [ RunTime:0.011001s ]
INFO: [ view_parse ] --END-- [ RunTime:0.011001s ]
INFO: [ view_filter ] --START--
INFO: Run Behavior\WriteHtmlCacheBehavior [ RunTime:0.002000s ]
INFO: [ view_filter ] --END-- [ RunTime:0.002000s ]
INFO: [ app_end ] --START--
INFO: Run Behavior\ShowPageTraceBehavior [ RunTime:0.002000s ]
INFO: [ app_end ] --END-- [ RunTime:0.004000s ]

