[ 2018-09-16T18:34:50+08:00 ] 127.0.0.1 /myblog/admin.php
INFO: [ app_init ] --START--
INFO: Run Behavior\BuildLiteBehavior [ RunTime:0.000000s ]
INFO: [ app_init ] --END-- [ RunTime:0.024001s ]
INFO: [ app_begin ] --START--
INFO: Run Behavior\ReadHtmlCacheBehavior [ RunTime:0.023002s ]
INFO: [ app_begin ] --END-- [ RunTime:0.023002s ]
INFO: [ view_parse ] --START--
INFO: [ template_filter ] --START--
INFO: Run Behavior\ContentReplaceBehavior [ RunTime:0.000000s ]
INFO: [ template_filter ] --END-- [ RunTime:0.001000s ]
INFO: Run Behavior\ParseTemplateBehavior [ RunTime:0.071004s ]
INFO: [ view_parse ] --END-- [ RunTime:0.071004s ]
INFO: [ view_filter ] --START--
INFO: Run Behavior\WriteHtmlCacheBehavior [ RunTime:0.001000s ]
INFO: [ view_filter ] --END-- [ RunTime:0.001000s ]
INFO: [ app_end ] --START--
INFO: Run Behavior\ShowPageTraceBehavior [ RunTime:0.022002s ]
INFO: [ app_end ] --END-- [ RunTime:0.022002s ]

[ 2018-09-16T18:34:57+08:00 ] 127.0.0.1 /myblog/admin.php/Index/checkLogin
INFO: [ app_init ] --START--
INFO: Run Behavior\BuildLiteBehavior [ RunTime:0.000000s ]
INFO: [ app_init ] --END-- [ RunTime:0.000000s ]
INFO: [ app_begin ] --START--
INFO: Run Behavior\ReadHtmlCacheBehavior [ RunTime:0.001000s ]
INFO: [ app_begin ] --END-- [ RunTime:0.001000s ]
SQL: SHOW COLUMNS FROM `admin` [ RunTime:0.0390s ]
SQL: SELECT * FROM `admin` WHERE ( userName='1093919186' && passWord='mxq741852963' )  [ RunTime:0.0010s ]
INFO: [ view_parse ] --START--
INFO: [ template_filter ] --START--
INFO: Run Behavior\ContentReplaceBehavior [ RunTime:0.000000s ]
INFO: [ template_filter ] --END-- [ RunTime:0.000000s ]
INFO: Run Behavior\ParseTemplateBehavior [ RunTime:0.019001s ]
INFO: [ view_parse ] --END-- [ RunTime:0.020001s ]
INFO: [ view_filter ] --START--
INFO: Run Behavior\WriteHtmlCacheBehavior [ RunTime:0.001000s ]
INFO: [ view_filter ] --END-- [ RunTime:0.001000s ]
INFO: [ app_end ] --START--
INFO: Run Behavior\ShowPageTraceBehavior [ RunTime:0.001000s ]
INFO: [ app_end ] --END-- [ RunTime:0.001000s ]

[ 2018-09-16T18:34:59+08:00 ] 127.0.0.1 /myblog/admin.php/AdmReprint/index.html
INFO: [ app_init ] --START--
INFO: Run Behavior\BuildLiteBehavior [ RunTime:0.000000s ]
INFO: [ app_init ] --END-- [ RunTime:0.000000s ]
INFO: [ app_begin ] --START--
INFO: Run Behavior\ReadHtmlCacheBehavior [ RunTime:0.001000s ]
INFO: [ app_begin ] --END-- [ RunTime:0.001000s ]
NOTIC: [8] Undefined index: searchDia C:\xampp\htdocs\myBlog\application\Admin\Controller\BaseController.class.php 第 13 行.
NOTIC: [8] Undefined index: searchNote C:\xampp\htdocs\myBlog\application\Admin\Controller\BaseController.class.php 第 17 行.
NOTIC: [8] Undefined index: searchRep C:\xampp\htdocs\myBlog\application\Admin\Controller\BaseController.class.php 第 21 行.
SQL: SHOW COLUMNS FROM `articles` [ RunTime:0.0110s ]
SQL: SELECT COUNT(*) AS tp_count FROM `articles` WHERE ( type=1 ) LIMIT 1   [ RunTime:0.0010s ]
SQL: SELECT `title`,`articleId`,`hints`,`origin` FROM `articles` WHERE ( type=1 ) ORDER BY dateandtime desc LIMIT 0,20   [ RunTime:0.0010s ]
INFO: [ view_parse ] --START--
INFO: [ template_filter ] --START--
INFO: Run Behavior\ContentReplaceBehavior [ RunTime:0.000000s ]
INFO: [ template_filter ] --END-- [ RunTime:0.000000s ]
INFO: Run Behavior\ParseTemplateBehavior [ RunTime:0.051002s ]
INFO: [ view_parse ] --END-- [ RunTime:0.051002s ]
INFO: [ view_filter ] --START--
INFO: Run Behavior\WriteHtmlCacheBehavior [ RunTime:0.001001s ]
INFO: [ view_filter ] --END-- [ RunTime:0.001001s ]
INFO: [ app_end ] --START--
INFO: Run Behavior\ShowPageTraceBehavior [ RunTime:0.002000s ]
INFO: [ app_end ] --END-- [ RunTime:0.002000s ]

[ 2018-09-16T20:18:16+08:00 ] 127.0.0.1 /myblog/admin.php
INFO: [ app_init ] --START--
INFO: Run Behavior\BuildLiteBehavior [ RunTime:0.000000s ]
INFO: [ app_init ] --END-- [ RunTime:0.000000s ]
INFO: [ app_begin ] --START--
INFO: Run Behavior\ReadHtmlCacheBehavior [ RunTime:0.002000s ]
INFO: [ app_begin ] --END-- [ RunTime:0.002000s ]
INFO: [ view_parse ] --START--
INFO: [ template_filter ] --START--
INFO: Run Behavior\ContentReplaceBehavior [ RunTime:0.000000s ]
INFO: [ template_filter ] --END-- [ RunTime:0.000000s ]
INFO: Run Behavior\ParseTemplateBehavior [ RunTime:0.010001s ]
INFO: [ view_parse ] --END-- [ RunTime:0.010001s ]
INFO: [ view_filter ] --START--
INFO: Run Behavior\WriteHtmlCacheBehavior [ RunTime:0.001000s ]
INFO: [ view_filter ] --END-- [ RunTime:0.001000s ]
INFO: [ app_end ] --START--
INFO: Run Behavior\ShowPageTraceBehavior [ RunTime:0.001000s ]
INFO: [ app_end ] --END-- [ RunTime:0.001000s ]

[ 2018-09-16T20:18:22+08:00 ] 127.0.0.1 /myblog/admin.php/Index/checkLogin
INFO: [ app_init ] --START--
INFO: Run Behavior\BuildLiteBehavior [ RunTime:0.000000s ]
INFO: [ app_init ] --END-- [ RunTime:0.000000s ]
INFO: [ app_begin ] --START--
INFO: Run Behavior\ReadHtmlCacheBehavior [ RunTime:0.001000s ]
INFO: [ app_begin ] --END-- [ RunTime:0.001000s ]
SQL: SHOW COLUMNS FROM `admin` [ RunTime:0.0030s ]
SQL: SELECT * FROM `admin` WHERE ( userName='1093919186' && passWord='mxq741852963' )  [ RunTime:0.0000s ]
INFO: [ view_parse ] --START--
INFO: [ template_filter ] --START--
INFO: Run Behavior\ContentReplaceBehavior [ RunTime:0.000000s ]
INFO: [ template_filter ] --END-- [ RunTime:0.000000s ]
INFO: Run Behavior\ParseTemplateBehavior [ RunTime:0.013000s ]
INFO: [ view_parse ] --END-- [ RunTime:0.013000s ]
INFO: [ view_filter ] --START--
INFO: Run Behavior\WriteHtmlCacheBehavior [ RunTime:0.001001s ]
INFO: [ view_filter ] --END-- [ RunTime:0.001001s ]
INFO: [ app_end ] --START--
INFO: Run Behavior\ShowPageTraceBehavior [ RunTime:0.001000s ]
INFO: [ app_end ] --END-- [ RunTime:0.001000s ]

[ 2018-09-16T20:18:23+08:00 ] 127.0.0.1 /myblog/admin.php/AdmReprint/index.html
INFO: [ app_init ] --START--
INFO: Run Behavior\BuildLiteBehavior [ RunTime:0.000000s ]
INFO: [ app_init ] --END-- [ RunTime:0.000000s ]
INFO: [ app_begin ] --START--
INFO: Run Behavior\ReadHtmlCacheBehavior [ RunTime:0.001000s ]
INFO: [ app_begin ] --END-- [ RunTime:0.001000s ]
NOTIC: [8] Undefined index: searchDia C:\xampp\htdocs\myBlog\application\Admin\Controller\BaseController.class.php 第 13 行.
NOTIC: [8] Undefined index: searchNote C:\xampp\htdocs\myBlog\application\Admin\Controller\BaseController.class.php 第 17 行.
NOTIC: [8] Undefined index: searchRep C:\xampp\htdocs\myBlog\application\Admin\Controller\BaseController.class.php 第 21 行.
SQL: SHOW COLUMNS FROM `articles` [ RunTime:0.0040s ]
SQL: SELECT COUNT(*) AS tp_count FROM `articles` WHERE ( type=1 ) LIMIT 1   [ RunTime:0.0010s ]
SQL: SELECT `title`,`articleId`,`hints`,`origin` FROM `articles` WHERE ( type=1 ) ORDER BY dateandtime desc LIMIT 0,20   [ RunTime:0.0010s ]
INFO: [ view_parse ] --START--
INFO: [ template_filter ] --START--
INFO: Run Behavior\ContentReplaceBehavior [ RunTime:0.000000s ]
INFO: [ template_filter ] --END-- [ RunTime:0.000000s ]
INFO: Run Behavior\ParseTemplateBehavior [ RunTime:0.011000s ]
INFO: [ view_parse ] --END-- [ RunTime:0.011000s ]
INFO: [ view_filter ] --START--
INFO: Run Behavior\WriteHtmlCacheBehavior [ RunTime:0.001000s ]
INFO: [ view_filter ] --END-- [ RunTime:0.001000s ]
INFO: [ app_end ] --START--
INFO: Run Behavior\ShowPageTraceBehavior [ RunTime:0.002000s ]
INFO: [ app_end ] --END-- [ RunTime:0.002000s ]

[ 2018-09-16T20:18:28+08:00 ] 127.0.0.1 /myblog/admin.php/AdmDiary/index
INFO: [ app_init ] --START--
INFO: Run Behavior\BuildLiteBehavior [ RunTime:0.000000s ]
INFO: [ app_init ] --END-- [ RunTime:0.001000s ]
INFO: [ app_begin ] --START--
INFO: Run Behavior\ReadHtmlCacheBehavior [ RunTime:0.001000s ]
INFO: [ app_begin ] --END-- [ RunTime:0.001000s ]
NOTIC: [8] Undefined index: searchDia C:\xampp\htdocs\myBlog\application\Admin\Controller\BaseController.class.php 第 13 行.
NOTIC: [8] Undefined index: searchNote C:\xampp\htdocs\myBlog\application\Admin\Controller\BaseController.class.php 第 17 行.
NOTIC: [8] Undefined index: searchRep C:\xampp\htdocs\myBlog\application\Admin\Controller\BaseController.class.php 第 21 行.
SQL: SHOW COLUMNS FROM `diary` [ RunTime:0.0230s ]
SQL: SELECT COUNT(*) AS tp_count FROM `diary` LIMIT 1   [ RunTime:0.0010s ]
SQL: SELECT * FROM `diary` ORDER BY dateandtime desc LIMIT 0,20   [ RunTime:0.0000s ]
INFO: [ view_parse ] --START--
INFO: [ template_filter ] --START--
INFO: Run Behavior\ContentReplaceBehavior [ RunTime:0.000000s ]
INFO: [ template_filter ] --END-- [ RunTime:0.001000s ]
INFO: Run Behavior\ParseTemplateBehavior [ RunTime:0.036002s ]
INFO: [ view_parse ] --END-- [ RunTime:0.036002s ]
INFO: [ view_filter ] --START--
INFO: Run Behavior\WriteHtmlCacheBehavior [ RunTime:0.001001s ]
INFO: [ view_filter ] --END-- [ RunTime:0.001001s ]
INFO: [ app_end ] --START--
INFO: Run Behavior\ShowPageTraceBehavior [ RunTime:0.001000s ]
INFO: [ app_end ] --END-- [ RunTime:0.001000s ]

[ 2018-09-16T20:18:31+08:00 ] 127.0.0.1 /myblog/admin.php/ChangeDia/index/diaryId/9
INFO: [ app_init ] --START--
INFO: Run Behavior\BuildLiteBehavior [ RunTime:0.000000s ]
INFO: [ app_init ] --END-- [ RunTime:0.000000s ]
INFO: [ app_begin ] --START--
INFO: Run Behavior\ReadHtmlCacheBehavior [ RunTime:0.001000s ]
INFO: [ app_begin ] --END-- [ RunTime:0.001000s ]
NOTIC: [8] Undefined index: searchDia C:\xampp\htdocs\myBlog\application\Admin\Controller\BaseController.class.php 第 13 行.
NOTIC: [8] Undefined index: searchNote C:\xampp\htdocs\myBlog\application\Admin\Controller\BaseController.class.php 第 17 行.
NOTIC: [8] Undefined index: searchRep C:\xampp\htdocs\myBlog\application\Admin\Controller\BaseController.class.php 第 21 行.
SQL: SHOW COLUMNS FROM `diary` [ RunTime:0.0040s ]
SQL: SELECT * FROM `diary` WHERE ( diaryId=9 ) LIMIT 1   [ RunTime:0.0010s ]
INFO: [ view_parse ] --START--
INFO: [ template_filter ] --START--
INFO: Run Behavior\ContentReplaceBehavior [ RunTime:0.000000s ]
INFO: [ template_filter ] --END-- [ RunTime:0.000000s ]
INFO: Run Behavior\ParseTemplateBehavior [ RunTime:0.052003s ]
INFO: [ view_parse ] --END-- [ RunTime:0.052003s ]
INFO: [ view_filter ] --START--
INFO: Run Behavior\WriteHtmlCacheBehavior [ RunTime:0.001000s ]
INFO: [ view_filter ] --END-- [ RunTime:0.001000s ]
INFO: [ app_end ] --START--
INFO: Run Behavior\ShowPageTraceBehavior [ RunTime:0.001000s ]
INFO: [ app_end ] --END-- [ RunTime:0.001000s ]

[ 2018-09-16T20:19:05+08:00 ] 127.0.0.1 /myblog/admin.php/AddContent/index
INFO: [ app_init ] --START--
INFO: Run Behavior\BuildLiteBehavior [ RunTime:0.000000s ]
INFO: [ app_init ] --END-- [ RunTime:0.001000s ]
INFO: [ app_begin ] --START--
INFO: Run Behavior\ReadHtmlCacheBehavior [ RunTime:0.001001s ]
INFO: [ app_begin ] --END-- [ RunTime:0.001001s ]
NOTIC: [8] Undefined index: searchDia C:\xampp\htdocs\myBlog\application\Admin\Controller\BaseController.class.php 第 13 行.
NOTIC: [8] Undefined index: searchNote C:\xampp\htdocs\myBlog\application\Admin\Controller\BaseController.class.php 第 17 行.
NOTIC: [8] Undefined index: searchRep C:\xampp\htdocs\myBlog\application\Admin\Controller\BaseController.class.php 第 21 行.
SQL: SHOW COLUMNS FROM `catelog` [ RunTime:0.0110s ]
SQL: SELECT * FROM `catelog`  [ RunTime:0.0000s ]
INFO: [ view_parse ] --START--
INFO: [ template_filter ] --START--
INFO: Run Behavior\ContentReplaceBehavior [ RunTime:0.000000s ]
INFO: [ template_filter ] --END-- [ RunTime:0.000000s ]
INFO: Run Behavior\ParseTemplateBehavior [ RunTime:0.019001s ]
INFO: [ view_parse ] --END-- [ RunTime:0.019001s ]
INFO: [ view_filter ] --START--
INFO: Run Behavior\WriteHtmlCacheBehavior [ RunTime:0.001000s ]
INFO: [ view_filter ] --END-- [ RunTime:0.001000s ]
INFO: [ app_end ] --START--
INFO: Run Behavior\ShowPageTraceBehavior [ RunTime:0.002001s ]
INFO: [ app_end ] --END-- [ RunTime:0.002001s ]

[ 2018-09-16T20:19:15+08:00 ] 127.0.0.1 /myblog/admin.php/TakeDiary/index
INFO: [ app_init ] --START--
INFO: Run Behavior\BuildLiteBehavior [ RunTime:0.000000s ]
INFO: [ app_init ] --END-- [ RunTime:0.001000s ]
INFO: [ app_begin ] --START--
INFO: Run Behavior\ReadHtmlCacheBehavior [ RunTime:0.001000s ]
INFO: [ app_begin ] --END-- [ RunTime:0.001000s ]
NOTIC: [8] Undefined index: searchDia C:\xampp\htdocs\myBlog\application\Admin\Controller\BaseController.class.php 第 13 行.
NOTIC: [8] Undefined index: searchNote C:\xampp\htdocs\myBlog\application\Admin\Controller\BaseController.class.php 第 17 行.
NOTIC: [8] Undefined index: searchRep C:\xampp\htdocs\myBlog\application\Admin\Controller\BaseController.class.php 第 21 行.
INFO: [ view_parse ] --START--
INFO: [ template_filter ] --START--
INFO: Run Behavior\ContentReplaceBehavior [ RunTime:0.000000s ]
INFO: [ template_filter ] --END-- [ RunTime:0.000000s ]
INFO: Run Behavior\ParseTemplateBehavior [ RunTime:0.025001s ]
INFO: [ view_parse ] --END-- [ RunTime:0.026001s ]
INFO: [ view_filter ] --START--
INFO: Run Behavior\WriteHtmlCacheBehavior [ RunTime:0.002000s ]
INFO: [ view_filter ] --END-- [ RunTime:0.002000s ]
INFO: [ app_end ] --START--
INFO: Run Behavior\ShowPageTraceBehavior [ RunTime:0.002000s ]
INFO: [ app_end ] --END-- [ RunTime:0.002000s ]

[ 2018-09-16T20:19:36+08:00 ] 127.0.0.1 /myblog/admin.php/TakeDiary/takedia
INFO: [ app_init ] --START--
INFO: Run Behavior\BuildLiteBehavior [ RunTime:0.000000s ]
INFO: [ app_init ] --END-- [ RunTime:0.001000s ]
INFO: [ app_begin ] --START--
INFO: Run Behavior\ReadHtmlCacheBehavior [ RunTime:0.001001s ]
INFO: [ app_begin ] --END-- [ RunTime:0.001001s ]
NOTIC: [8] Undefined index: searchDia C:\xampp\htdocs\myBlog\application\Admin\Controller\BaseController.class.php 第 13 行.
NOTIC: [8] Undefined index: searchNote C:\xampp\htdocs\myBlog\application\Admin\Controller\BaseController.class.php 第 17 行.
NOTIC: [8] Undefined index: searchRep C:\xampp\htdocs\myBlog\application\Admin\Controller\BaseController.class.php 第 21 行.
SQL: SHOW COLUMNS FROM `diary` [ RunTime:0.0050s ]
ERR: 1064:You have an error in your SQL syntax; check the manual that corresponds to your MariaDB server version for the right syntax to use near 'margin:0px;padding:0px;text-align:left;color:#666666;text-transform:none;text-in' at line 1
 [ SQL语句 ] : insert into diary(title,content) values ('123','<table class="winstyle18308" width="100%" cellspacing="0" cellpadding="0" border="0"><tbody><tr><td class="contentstyle18308"><div class="c18308_content" id="vsb_newscontent"><div id="vsb_content">
           <p style="font-stretch: normal; font-size: 14px; line-height: 2em; font-family: 'margin:0px;padding:0px;text-align:left;color:#666666;text-transform:none;text-indent:2em;letter-spacing:normal;word-spacing:0px;widows:1;font-size-adjust:none;font-stretch:normal;-webkit-text-stroke-width:0px';"><strong><span style="font-size:18px">摘 要:</span></strong><span id="Lb_Abstract" style="margin:0px;padding:0px;font-size:18px">采用浮选试验、吸附量测试、zeta电位测试、红外光谱测试等方法研究瓜尔胶(非离子型)和黄原胶(阴离子型)2种天然胶对方解石的浮选抑制行为及机理。研究结果表明：当pH为8.8，油酸钠浓度为0.3
 mmol/L时，用量为50 
mg/L的黄原胶，可显著降低捕收剂油酸钠在方解石表面的吸附量，降低方解石的浮选回收率，而瓜尔胶要达到相同的抑制效果，用量需超过100 
mg/L。上述抑制行为差异主要是由于2种天然胶在方解石表面的吸附方式和强度不同造成的。瓜尔胶通过氢键作用在方解石表面吸附，而黄原胶的主要作用方式为化学键合和氢键作用。</span></p>
<p style="font-stretch: normal; font-size: 14px; line-height: 2em; font-family: 'margin:0px;padding:0px;text-align:left;color:#666666;text-transform:none;text-indent:2em;letter-spacing:normal;word-spacing:0px;widows:1;font-size-adjust:none;font-stretch:normal;-webkit-text-stroke-width:0px';"><span style="font-size:18px"></span></p>
<p style="font-stretch: normal; font-size: 14px; line-height: 2em; font-family: 'margin:0px;padding:0px;text-align:left;color:#666666;text-transform:none;text-indent:2em;letter-spacing:normal;word-spacing:0px;widows:1;font-size-adjust:none;font-stretch:normal;-webkit-text-stroke-width:0px';"><strong><span style="font-size:18px">关键字:</span></strong><span id="Lb_Keywords" style="margin:0px;padding:0px"><span style="margin:0px;padding:0px;font-size:18px">方解石；浮选；瓜尔胶；黄原胶；抑制；油酸钠</span></span></p>
</div></div>
          
           
           
        </td></tr>
        
        <tr><td class="pagestyle18308" align="left">
        </td></tr>
        <tr><td><div id="div_vote_id"></div></td></tr>
      <tr><td class="navstyle18308">
        </td></tr>
    <tr><td align="left">
             附件【<a href="http://hyh.csu.edu.cn/system/_content/download.jsp?urltype=news.DownloadAttachUrl&amp;owner=1140433649&amp;wbfileid=489212">2016-瓜尔胶和黄原胶对方解石浮选的抑制行为差异及机理.pdf</a>】已下载<span id="nattach489212">157</span>次</td></tr></tbody></table>
                    ')
ERR: 1064:You have an error in your SQL syntax; check the manual that corresponds to your MariaDB server version for the right syntax to use near 'margin:0px;padding:0px;text-align:left;color:#666666;text-transform:none;text-in' at line 1
 [ SQL语句 ] : insert into diary(title,content) values ('123','<table class="winstyle18308" width="100%" cellspacing="0" cellpadding="0" border="0"><tbody><tr><td class="contentstyle18308"><div class="c18308_content" id="vsb_newscontent"><div id="vsb_content">
           <p style="font-stretch: normal; font-size: 14px; line-height: 2em; font-family: 'margin:0px;padding:0px;text-align:left;color:#666666;text-transform:none;text-indent:2em;letter-spacing:normal;word-spacing:0px;widows:1;font-size-adjust:none;font-stretch:normal;-webkit-text-stroke-width:0px';"><strong><span style="font-size:18px">摘 要:</span></strong><span id="Lb_Abstract" style="margin:0px;padding:0px;font-size:18px">采用浮选试验、吸附量测试、zeta电位测试、红外光谱测试等方法研究瓜尔胶(非离子型)和黄原胶(阴离子型)2种天然胶对方解石的浮选抑制行为及机理。研究结果表明：当pH为8.8，油酸钠浓度为0.3
 mmol/L时，用量为50 
mg/L的黄原胶，可显著降低捕收剂油酸钠在方解石表面的吸附量，降低方解石的浮选回收率，而瓜尔胶要达到相同的抑制效果，用量需超过100 
mg/L。上述抑制行为差异主要是由于2种天然胶在方解石表面的吸附方式和强度不同造成的。瓜尔胶通过氢键作用在方解石表面吸附，而黄原胶的主要作用方式为化学键合和氢键作用。</span></p>
<p style="font-stretch: normal; font-size: 14px; line-height: 2em; font-family: 'margin:0px;padding:0px;text-align:left;color:#666666;text-transform:none;text-indent:2em;letter-spacing:normal;word-spacing:0px;widows:1;font-size-adjust:none;font-stretch:normal;-webkit-text-stroke-width:0px';"><span style="font-size:18px"></span></p>
<p style="font-stretch: normal; font-size: 14px; line-height: 2em; font-family: 'margin:0px;padding:0px;text-align:left;color:#666666;text-transform:none;text-indent:2em;letter-spacing:normal;word-spacing:0px;widows:1;font-size-adjust:none;font-stretch:normal;-webkit-text-stroke-width:0px';"><strong><span style="font-size:18px">关键字:</span></strong><span id="Lb_Keywords" style="margin:0px;padding:0px"><span style="margin:0px;padding:0px;font-size:18px">方解石；浮选；瓜尔胶；黄原胶；抑制；油酸钠</span></span></p>
</div></div>
          
           
           
        </td></tr>
        
        <tr><td class="pagestyle18308" align="left">
        </td></tr>
        <tr><td><div id="div_vote_id"></div></td></tr>
      <tr><td class="navstyle18308">
        </td></tr>
    <tr><td align="left">
             附件【<a href="http://hyh.csu.edu.cn/system/_content/download.jsp?urltype=news.DownloadAttachUrl&amp;owner=1140433649&amp;wbfileid=489212">2016-瓜尔胶和黄原胶对方解石浮选的抑制行为差异及机理.pdf</a>】已下载<span id="nattach489212">157</span>次</td></tr></tbody></table>
                    ')

[ 2018-09-16T20:20:06+08:00 ] 127.0.0.1 /myblog/admin.php/TakeDiary/takedia
INFO: [ app_init ] --START--
INFO: Run Behavior\BuildLiteBehavior [ RunTime:0.000000s ]
INFO: [ app_init ] --END-- [ RunTime:0.001000s ]
INFO: [ app_begin ] --START--
INFO: Run Behavior\ReadHtmlCacheBehavior [ RunTime:0.001000s ]
INFO: [ app_begin ] --END-- [ RunTime:0.001000s ]
NOTIC: [8] Undefined index: searchDia C:\xampp\htdocs\myBlog\application\Admin\Controller\BaseController.class.php 第 13 行.
NOTIC: [8] Undefined index: searchNote C:\xampp\htdocs\myBlog\application\Admin\Controller\BaseController.class.php 第 17 行.
NOTIC: [8] Undefined index: searchRep C:\xampp\htdocs\myBlog\application\Admin\Controller\BaseController.class.php 第 21 行.
SQL: SHOW COLUMNS FROM `diary` [ RunTime:0.0050s ]
ERR: 1064:You have an error in your SQL syntax; check the manual that corresponds to your MariaDB server version for the right syntax to use near 'margin:0px;padding:0px;text-align:left;color:#666666;text-transform:none;text-in' at line 1
 [ SQL语句 ] : insert into diary(title,content) values ('123','<table class="winstyle18308" width="100%" cellspacing="0" cellpadding="0" border="0"><tbody><tr><td class="contentstyle18308"><div class="c18308_content" id="vsb_newscontent"><div id="vsb_content">
           <p style="font-stretch: normal; font-size: 14px; line-height: 2em; font-family: 'margin:0px;padding:0px;text-align:left;color:#666666;text-transform:none;text-indent:2em;letter-spacing:normal;word-spacing:0px;widows:1;font-size-adjust:none;font-stretch:normal;-webkit-text-stroke-width:0px';"><strong><span style="font-size:18px">摘 要:</span></strong><span id="Lb_Abstract" style="margin:0px;padding:0px;font-size:18px">采用浮选试验、吸附量测试、zeta电位测试、红外光谱测试等方法研究瓜尔胶(非离子型)和黄原胶(阴离子型)2种天然胶对方解石的浮选抑制行为及机理。研究结果表明：当pH为8.8，油酸钠浓度为0.3
 mmol/L时，用量为50 
mg/L的黄原胶，可显著降低捕收剂油酸钠在方解石表面的吸附量，降低方解石的浮选回收率，而瓜尔胶要达到相同的抑制效果，用量需超过100 
mg/L。上述抑制行为差异主要是由于2种天然胶在方解石表面的吸附方式和强度不同造成的。瓜尔胶通过氢键作用在方解石表面吸附，而黄原胶的主要作用方式为化学键合和氢键作用。</span></p>
<p style="font-stretch: normal; font-size: 14px; line-height: 2em; font-family: 'margin:0px;padding:0px;text-align:left;color:#666666;text-transform:none;text-indent:2em;letter-spacing:normal;word-spacing:0px;widows:1;font-size-adjust:none;font-stretch:normal;-webkit-text-stroke-width:0px';"><span style="font-size:18px"></span></p>
<p style="font-stretch: normal; font-size: 14px; line-height: 2em; font-family: 'margin:0px;padding:0px;text-align:left;color:#666666;text-transform:none;text-indent:2em;letter-spacing:normal;word-spacing:0px;widows:1;font-size-adjust:none;font-stretch:normal;-webkit-text-stroke-width:0px';"><strong><span style="font-size:18px">关键字:</span></strong><span id="Lb_Keywords" style="margin:0px;padding:0px"><span style="margin:0px;padding:0px;font-size:18px">方解石；浮选；瓜尔胶；黄原胶；抑制；油酸钠</span></span></p>
</div></div>
          
           
           
        </td></tr>
        
        <tr><td class="pagestyle18308" align="left">
        </td></tr>
        <tr><td><div id="div_vote_id"></div></td></tr>
      <tr><td class="navstyle18308">
        </td></tr>
    <tr><td align="left">
             附件【<a href="http://hyh.csu.edu.cn/system/_content/download.jsp?urltype=news.DownloadAttachUrl&amp;owner=1140433649&amp;wbfileid=489212">2016-瓜尔胶和黄原胶对方解石浮选的抑制行为差异及机理.pdf</a>】已下载<span id="nattach489212">157</span>次</td></tr></tbody></table>
                    ')
ERR: 1064:You have an error in your SQL syntax; check the manual that corresponds to your MariaDB server version for the right syntax to use near 'margin:0px;padding:0px;text-align:left;color:#666666;text-transform:none;text-in' at line 1
 [ SQL语句 ] : insert into diary(title,content) values ('123','<table class="winstyle18308" width="100%" cellspacing="0" cellpadding="0" border="0"><tbody><tr><td class="contentstyle18308"><div class="c18308_content" id="vsb_newscontent"><div id="vsb_content">
           <p style="font-stretch: normal; font-size: 14px; line-height: 2em; font-family: 'margin:0px;padding:0px;text-align:left;color:#666666;text-transform:none;text-indent:2em;letter-spacing:normal;word-spacing:0px;widows:1;font-size-adjust:none;font-stretch:normal;-webkit-text-stroke-width:0px';"><strong><span style="font-size:18px">摘 要:</span></strong><span id="Lb_Abstract" style="margin:0px;padding:0px;font-size:18px">采用浮选试验、吸附量测试、zeta电位测试、红外光谱测试等方法研究瓜尔胶(非离子型)和黄原胶(阴离子型)2种天然胶对方解石的浮选抑制行为及机理。研究结果表明：当pH为8.8，油酸钠浓度为0.3
 mmol/L时，用量为50 
mg/L的黄原胶，可显著降低捕收剂油酸钠在方解石表面的吸附量，降低方解石的浮选回收率，而瓜尔胶要达到相同的抑制效果，用量需超过100 
mg/L。上述抑制行为差异主要是由于2种天然胶在方解石表面的吸附方式和强度不同造成的。瓜尔胶通过氢键作用在方解石表面吸附，而黄原胶的主要作用方式为化学键合和氢键作用。</span></p>
<p style="font-stretch: normal; font-size: 14px; line-height: 2em; font-family: 'margin:0px;padding:0px;text-align:left;color:#666666;text-transform:none;text-indent:2em;letter-spacing:normal;word-spacing:0px;widows:1;font-size-adjust:none;font-stretch:normal;-webkit-text-stroke-width:0px';"><span style="font-size:18px"></span></p>
<p style="font-stretch: normal; font-size: 14px; line-height: 2em; font-family: 'margin:0px;padding:0px;text-align:left;color:#666666;text-transform:none;text-indent:2em;letter-spacing:normal;word-spacing:0px;widows:1;font-size-adjust:none;font-stretch:normal;-webkit-text-stroke-width:0px';"><strong><span style="font-size:18px">关键字:</span></strong><span id="Lb_Keywords" style="margin:0px;padding:0px"><span style="margin:0px;padding:0px;font-size:18px">方解石；浮选；瓜尔胶；黄原胶；抑制；油酸钠</span></span></p>
</div></div>
          
           
           
        </td></tr>
        
        <tr><td class="pagestyle18308" align="left">
        </td></tr>
        <tr><td><div id="div_vote_id"></div></td></tr>
      <tr><td class="navstyle18308">
        </td></tr>
    <tr><td align="left">
             附件【<a href="http://hyh.csu.edu.cn/system/_content/download.jsp?urltype=news.DownloadAttachUrl&amp;owner=1140433649&amp;wbfileid=489212">2016-瓜尔胶和黄原胶对方解石浮选的抑制行为差异及机理.pdf</a>】已下载<span id="nattach489212">157</span>次</td></tr></tbody></table>
                    ')

[ 2018-09-16T20:21:29+08:00 ] 127.0.0.1 /myblog/admin.php/TakeDiary/takedia
INFO: [ app_init ] --START--
INFO: Run Behavior\BuildLiteBehavior [ RunTime:0.000000s ]
INFO: [ app_init ] --END-- [ RunTime:0.001001s ]
INFO: [ app_begin ] --START--
INFO: Run Behavior\ReadHtmlCacheBehavior [ RunTime:0.002000s ]
INFO: [ app_begin ] --END-- [ RunTime:0.002000s ]
NOTIC: [8] Undefined index: searchDia C:\xampp\htdocs\myBlog\application\Admin\Controller\BaseController.class.php 第 13 行.
NOTIC: [8] Undefined index: searchNote C:\xampp\htdocs\myBlog\application\Admin\Controller\BaseController.class.php 第 17 行.
NOTIC: [8] Undefined index: searchRep C:\xampp\htdocs\myBlog\application\Admin\Controller\BaseController.class.php 第 21 行.
SQL: SHOW COLUMNS FROM `diary` [ RunTime:0.0050s ]
ERR: 1064:You have an error in your SQL syntax; check the manual that corresponds to your MariaDB server version for the right syntax to use near 'margin:0px;padding:0px;text-align:left;color:#666666;text-transform:none;text-in' at line 1
 [ SQL语句 ] : insert into diary(title,content) values ('123','<table class="winstyle18308" width="100%" cellspacing="0" cellpadding="0" border="0"><tbody><tr><td class="contentstyle18308"><div class="c18308_content" id="vsb_newscontent"><div id="vsb_content">
           <p style="font-stretch: normal; font-size: 14px; line-height: 2em; font-family: 'margin:0px;padding:0px;text-align:left;color:#666666;text-transform:none;text-indent:2em;letter-spacing:normal;word-spacing:0px;widows:1;font-size-adjust:none;font-stretch:normal;-webkit-text-stroke-width:0px';"><strong><span style="font-size:18px">摘 要:</span></strong><span id="Lb_Abstract" style="margin:0px;padding:0px;font-size:18px">采用浮选试验、吸附量测试、zeta电位测试、红外光谱测试等方法研究瓜尔胶(非离子型)和黄原胶(阴离子型)2种天然胶对方解石的浮选抑制行为及机理。研究结果表明：当pH为8.8，油酸钠浓度为0.3
 mmol/L时，用量为50 
mg/L的黄原胶，可显著降低捕收剂油酸钠在方解石表面的吸附量，降低方解石的浮选回收率，而瓜尔胶要达到相同的抑制效果，用量需超过100 
mg/L。上述抑制行为差异主要是由于2种天然胶在方解石表面的吸附方式和强度不同造成的。瓜尔胶通过氢键作用在方解石表面吸附，而黄原胶的主要作用方式为化学键合和氢键作用。</span></p>
<p style="font-stretch: normal; font-size: 14px; line-height: 2em; font-family: 'margin:0px;padding:0px;text-align:left;color:#666666;text-transform:none;text-indent:2em;letter-spacing:normal;word-spacing:0px;widows:1;font-size-adjust:none;font-stretch:normal;-webkit-text-stroke-width:0px';"><span style="font-size:18px"></span></p>
<p style="font-stretch: normal; font-size: 14px; line-height: 2em; font-family: 'margin:0px;padding:0px;text-align:left;color:#666666;text-transform:none;text-indent:2em;letter-spacing:normal;word-spacing:0px;widows:1;font-size-adjust:none;font-stretch:normal;-webkit-text-stroke-width:0px';"><strong><span style="font-size:18px">关键字:</span></strong><span id="Lb_Keywords" style="margin:0px;padding:0px"><span style="margin:0px;padding:0px;font-size:18px">方解石；浮选；瓜尔胶；黄原胶；抑制；油酸钠</span></span></p>
</div></div>
          
           
           
        </td></tr>
        
        <tr><td class="pagestyle18308" align="left">
        </td></tr>
        <tr><td><div id="div_vote_id"></div></td></tr>
      <tr><td class="navstyle18308">
        </td></tr>
    <tr><td align="left"><br></td></tr></tbody></table>
                    ')
ERR: 1064:You have an error in your SQL syntax; check the manual that corresponds to your MariaDB server version for the right syntax to use near 'margin:0px;padding:0px;text-align:left;color:#666666;text-transform:none;text-in' at line 1
 [ SQL语句 ] : insert into diary(title,content) values ('123','<table class="winstyle18308" width="100%" cellspacing="0" cellpadding="0" border="0"><tbody><tr><td class="contentstyle18308"><div class="c18308_content" id="vsb_newscontent"><div id="vsb_content">
           <p style="font-stretch: normal; font-size: 14px; line-height: 2em; font-family: 'margin:0px;padding:0px;text-align:left;color:#666666;text-transform:none;text-indent:2em;letter-spacing:normal;word-spacing:0px;widows:1;font-size-adjust:none;font-stretch:normal;-webkit-text-stroke-width:0px';"><strong><span style="font-size:18px">摘 要:</span></strong><span id="Lb_Abstract" style="margin:0px;padding:0px;font-size:18px">采用浮选试验、吸附量测试、zeta电位测试、红外光谱测试等方法研究瓜尔胶(非离子型)和黄原胶(阴离子型)2种天然胶对方解石的浮选抑制行为及机理。研究结果表明：当pH为8.8，油酸钠浓度为0.3
 mmol/L时，用量为50 
mg/L的黄原胶，可显著降低捕收剂油酸钠在方解石表面的吸附量，降低方解石的浮选回收率，而瓜尔胶要达到相同的抑制效果，用量需超过100 
mg/L。上述抑制行为差异主要是由于2种天然胶在方解石表面的吸附方式和强度不同造成的。瓜尔胶通过氢键作用在方解石表面吸附，而黄原胶的主要作用方式为化学键合和氢键作用。</span></p>
<p style="font-stretch: normal; font-size: 14px; line-height: 2em; font-family: 'margin:0px;padding:0px;text-align:left;color:#666666;text-transform:none;text-indent:2em;letter-spacing:normal;word-spacing:0px;widows:1;font-size-adjust:none;font-stretch:normal;-webkit-text-stroke-width:0px';"><span style="font-size:18px"></span></p>
<p style="font-stretch: normal; font-size: 14px; line-height: 2em; font-family: 'margin:0px;padding:0px;text-align:left;color:#666666;text-transform:none;text-indent:2em;letter-spacing:normal;word-spacing:0px;widows:1;font-size-adjust:none;font-stretch:normal;-webkit-text-stroke-width:0px';"><strong><span style="font-size:18px">关键字:</span></strong><span id="Lb_Keywords" style="margin:0px;padding:0px"><span style="margin:0px;padding:0px;font-size:18px">方解石；浮选；瓜尔胶；黄原胶；抑制；油酸钠</span></span></p>
</div></div>
          
           
           
        </td></tr>
        
        <tr><td class="pagestyle18308" align="left">
        </td></tr>
        <tr><td><div id="div_vote_id"></div></td></tr>
      <tr><td class="navstyle18308">
        </td></tr>
    <tr><td align="left"><br></td></tr></tbody></table>
                    ')

[ 2018-09-16T20:21:46+08:00 ] 127.0.0.1 /myblog/admin.php/TakeDiary/takedia
INFO: [ app_init ] --START--
INFO: Run Behavior\BuildLiteBehavior [ RunTime:0.000000s ]
INFO: [ app_init ] --END-- [ RunTime:0.001000s ]
INFO: [ app_begin ] --START--
INFO: Run Behavior\ReadHtmlCacheBehavior [ RunTime:0.002001s ]
INFO: [ app_begin ] --END-- [ RunTime:0.002001s ]
NOTIC: [8] Undefined index: searchDia C:\xampp\htdocs\myBlog\application\Admin\Controller\BaseController.class.php 第 13 行.
NOTIC: [8] Undefined index: searchNote C:\xampp\htdocs\myBlog\application\Admin\Controller\BaseController.class.php 第 17 行.
NOTIC: [8] Undefined index: searchRep C:\xampp\htdocs\myBlog\application\Admin\Controller\BaseController.class.php 第 21 行.
SQL: SHOW COLUMNS FROM `diary` [ RunTime:0.0030s ]
ERR: 1064:You have an error in your SQL syntax; check the manual that corresponds to your MariaDB server version for the right syntax to use near 'margin:0px;padding:0px;text-align:left;color:#666666;text-transform:none;text-in' at line 1
 [ SQL语句 ] : insert into diary(title,content) values ('测试2','<table class="winstyle18308" width="100%" cellspacing="0" cellpadding="0" border="0"><tbody><tr><td class="contentstyle18308"><div class="c18308_content" id="vsb_newscontent"><div id="vsb_content">
           <p style="font-stretch: normal; font-size: 14px; line-height: 2em; font-family: 'margin:0px;padding:0px;text-align:left;color:#666666;text-transform:none;text-indent:2em;letter-spacing:normal;word-spacing:0px;widows:1;font-size-adjust:none;font-stretch:normal;-webkit-text-stroke-width:0px';"><strong><span style="font-size:18px">摘 要:</span></strong><span id="Lb_Abstract" style="margin:0px;padding:0px;font-size:18px">采用浮选试验、吸附量测试、zeta电位测试、红外光谱测试等方法研究瓜尔胶(非离子型)和黄原胶(阴离子型)2种天然胶对方解石的浮选抑制行为及机理。研究结果表明：当pH为8.8，油酸钠浓度为0.3
 mmol/L时，用量为50 
mg/L的黄原胶，可显著降低捕收剂油酸钠在方解石表面的吸附量，降低方解石的浮选回收率，而瓜尔胶要达到相同的抑制效果，用量需超过100 
mg/L。上述抑制行为差异主要是由于2种天然胶在方解石表面的吸附方式和强度不同造成的。瓜尔胶通过氢键作用在方解石表面吸附，而黄原胶的主要作用方式为化学键合和氢键作用。</span></p>
<p style="font-stretch: normal; font-size: 14px; line-height: 2em; font-family: 'margin:0px;padding:0px;text-align:left;color:#666666;text-transform:none;text-indent:2em;letter-spacing:normal;word-spacing:0px;widows:1;font-size-adjust:none;font-stretch:normal;-webkit-text-stroke-width:0px';"><span style="font-size:18px"></span></p>
<p style="font-stretch: normal; font-size: 14px; line-height: 2em; font-family: 'margin:0px;padding:0px;text-align:left;color:#666666;text-transform:none;text-indent:2em;letter-spacing:normal;word-spacing:0px;widows:1;font-size-adjust:none;font-stretch:normal;-webkit-text-stroke-width:0px';"><strong><span style="font-size:18px">关键字:</span></strong><span id="Lb_Keywords" style="margin:0px;padding:0px"><span style="margin:0px;padding:0px;font-size:18px">方解石；浮选；瓜尔胶；黄原胶；抑制；油酸钠</span></span></p>
</div></div>
          
           
           
        </td></tr>
        
        <tr><td class="pagestyle18308" align="left">
        </td></tr>
        <tr><td><div id="div_vote_id"></div></td></tr>
      <tr><td class="navstyle18308">
        </td></tr>
    <tr><td align="left">
             附件【<a href="http://hyh.csu.edu.cn/system/_content/download.jsp?urltype=news.DownloadAttachUrl&amp;owner=1140433649&amp;wbfileid=489212">2016-瓜尔胶和黄原胶对方解石浮选的抑制行为差异及机理.pdf</a>】已下载<span id="nattach489212">157</span>次</td></tr></tbody></table>
                    ')
ERR: 1064:You have an error in your SQL syntax; check the manual that corresponds to your MariaDB server version for the right syntax to use near 'margin:0px;padding:0px;text-align:left;color:#666666;text-transform:none;text-in' at line 1
 [ SQL语句 ] : insert into diary(title,content) values ('测试2','<table class="winstyle18308" width="100%" cellspacing="0" cellpadding="0" border="0"><tbody><tr><td class="contentstyle18308"><div class="c18308_content" id="vsb_newscontent"><div id="vsb_content">
           <p style="font-stretch: normal; font-size: 14px; line-height: 2em; font-family: 'margin:0px;padding:0px;text-align:left;color:#666666;text-transform:none;text-indent:2em;letter-spacing:normal;word-spacing:0px;widows:1;font-size-adjust:none;font-stretch:normal;-webkit-text-stroke-width:0px';"><strong><span style="font-size:18px">摘 要:</span></strong><span id="Lb_Abstract" style="margin:0px;padding:0px;font-size:18px">采用浮选试验、吸附量测试、zeta电位测试、红外光谱测试等方法研究瓜尔胶(非离子型)和黄原胶(阴离子型)2种天然胶对方解石的浮选抑制行为及机理。研究结果表明：当pH为8.8，油酸钠浓度为0.3
 mmol/L时，用量为50 
mg/L的黄原胶，可显著降低捕收剂油酸钠在方解石表面的吸附量，降低方解石的浮选回收率，而瓜尔胶要达到相同的抑制效果，用量需超过100 
mg/L。上述抑制行为差异主要是由于2种天然胶在方解石表面的吸附方式和强度不同造成的。瓜尔胶通过氢键作用在方解石表面吸附，而黄原胶的主要作用方式为化学键合和氢键作用。</span></p>
<p style="font-stretch: normal; font-size: 14px; line-height: 2em; font-family: 'margin:0px;padding:0px;text-align:left;color:#666666;text-transform:none;text-indent:2em;letter-spacing:normal;word-spacing:0px;widows:1;font-size-adjust:none;font-stretch:normal;-webkit-text-stroke-width:0px';"><span style="font-size:18px"></span></p>
<p style="font-stretch: normal; font-size: 14px; line-height: 2em; font-family: 'margin:0px;padding:0px;text-align:left;color:#666666;text-transform:none;text-indent:2em;letter-spacing:normal;word-spacing:0px;widows:1;font-size-adjust:none;font-stretch:normal;-webkit-text-stroke-width:0px';"><strong><span style="font-size:18px">关键字:</span></strong><span id="Lb_Keywords" style="margin:0px;padding:0px"><span style="margin:0px;padding:0px;font-size:18px">方解石；浮选；瓜尔胶；黄原胶；抑制；油酸钠</span></span></p>
</div></div>
          
           
           
        </td></tr>
        
        <tr><td class="pagestyle18308" align="left">
        </td></tr>
        <tr><td><div id="div_vote_id"></div></td></tr>
      <tr><td class="navstyle18308">
        </td></tr>
    <tr><td align="left">
             附件【<a href="http://hyh.csu.edu.cn/system/_content/download.jsp?urltype=news.DownloadAttachUrl&amp;owner=1140433649&amp;wbfileid=489212">2016-瓜尔胶和黄原胶对方解石浮选的抑制行为差异及机理.pdf</a>】已下载<span id="nattach489212">157</span>次</td></tr></tbody></table>
                    ')

[ 2018-09-16T20:22:13+08:00 ] 127.0.0.1 /myblog/admin.php/TakeDiary/takedia
INFO: [ app_init ] --START--
INFO: Run Behavior\BuildLiteBehavior [ RunTime:0.000000s ]
INFO: [ app_init ] --END-- [ RunTime:0.001000s ]
INFO: [ app_begin ] --START--
INFO: Run Behavior\ReadHtmlCacheBehavior [ RunTime:0.001000s ]
INFO: [ app_begin ] --END-- [ RunTime:0.001000s ]
NOTIC: [8] Undefined index: searchDia C:\xampp\htdocs\myBlog\application\Admin\Controller\BaseController.class.php 第 13 行.
NOTIC: [8] Undefined index: searchNote C:\xampp\htdocs\myBlog\application\Admin\Controller\BaseController.class.php 第 17 行.
NOTIC: [8] Undefined index: searchRep C:\xampp\htdocs\myBlog\application\Admin\Controller\BaseController.class.php 第 21 行.
SQL: SHOW COLUMNS FROM `diary` [ RunTime:0.0040s ]
ERR: 1064:You have an error in your SQL syntax; check the manual that corresponds to your MariaDB server version for the right syntax to use near 'margin:0px;padding:0px;text-align:left;color:#666666;text-transform:none;text-in' at line 1
 [ SQL语句 ] : insert into diary(title,content) values ('123','<table class="winstyle18308" width="100%" cellspacing="0" cellpadding="0" border="0"><tbody><tr><td class="contentstyle18308"><div class="c18308_content" id="vsb_newscontent"><div id="vsb_content">
           <p style="font-stretch: normal; font-size: 14px; line-height: 2em; font-family: 'margin:0px;padding:0px;text-align:left;color:#666666;text-transform:none;text-indent:2em;letter-spacing:normal;word-spacing:0px;widows:1;font-size-adjust:none;font-stretch:normal;-webkit-text-stroke-width:0px';"><strong><span style="font-size:18px">摘 要:</span></strong><span id="Lb_Abstract" style="margin:0px;padding:0px;font-size:18px">采用浮选试验、吸附量测试、zeta电位测试、红外光谱测试等方法研究瓜尔胶(非离子型)和黄原胶(阴离子型)2种天然胶对方解石的浮选抑制行为及机理。研究结果表明：当pH为8.8，油酸钠浓度为0.3
 mmol/L时，用量为50 
mg/L的黄原胶，可显著降低捕收剂油酸钠在方解石表面的吸附量，降低方解石的浮选回收率，而瓜尔胶要达到相同的抑制效果，用量需超过100 
mg/L。上述抑制行为差异主要是由于2种天然胶在方解石表面的吸附方式和强度不同造成的。瓜尔胶通过氢键作用在方解石表面吸附，而黄原胶的主要作用方式为化学键合和氢键作用。</span></p></div></div></td></tr></tbody></table>
                    ')
ERR: 1064:You have an error in your SQL syntax; check the manual that corresponds to your MariaDB server version for the right syntax to use near 'margin:0px;padding:0px;text-align:left;color:#666666;text-transform:none;text-in' at line 1
 [ SQL语句 ] : insert into diary(title,content) values ('123','<table class="winstyle18308" width="100%" cellspacing="0" cellpadding="0" border="0"><tbody><tr><td class="contentstyle18308"><div class="c18308_content" id="vsb_newscontent"><div id="vsb_content">
           <p style="font-stretch: normal; font-size: 14px; line-height: 2em; font-family: 'margin:0px;padding:0px;text-align:left;color:#666666;text-transform:none;text-indent:2em;letter-spacing:normal;word-spacing:0px;widows:1;font-size-adjust:none;font-stretch:normal;-webkit-text-stroke-width:0px';"><strong><span style="font-size:18px">摘 要:</span></strong><span id="Lb_Abstract" style="margin:0px;padding:0px;font-size:18px">采用浮选试验、吸附量测试、zeta电位测试、红外光谱测试等方法研究瓜尔胶(非离子型)和黄原胶(阴离子型)2种天然胶对方解石的浮选抑制行为及机理。研究结果表明：当pH为8.8，油酸钠浓度为0.3
 mmol/L时，用量为50 
mg/L的黄原胶，可显著降低捕收剂油酸钠在方解石表面的吸附量，降低方解石的浮选回收率，而瓜尔胶要达到相同的抑制效果，用量需超过100 
mg/L。上述抑制行为差异主要是由于2种天然胶在方解石表面的吸附方式和强度不同造成的。瓜尔胶通过氢键作用在方解石表面吸附，而黄原胶的主要作用方式为化学键合和氢键作用。</span></p></div></div></td></tr></tbody></table>
                    ')

[ 2018-09-16T20:23:12+08:00 ] 127.0.0.1 /myblog/admin.php/TakeDiary/takedia
INFO: [ app_init ] --START--
INFO: Run Behavior\BuildLiteBehavior [ RunTime:0.000000s ]
INFO: [ app_init ] --END-- [ RunTime:0.001000s ]
INFO: [ app_begin ] --START--
INFO: Run Behavior\ReadHtmlCacheBehavior [ RunTime:0.002000s ]
INFO: [ app_begin ] --END-- [ RunTime:0.002000s ]
NOTIC: [8] Undefined index: searchDia C:\xampp\htdocs\myBlog\application\Admin\Controller\BaseController.class.php 第 13 行.
NOTIC: [8] Undefined index: searchNote C:\xampp\htdocs\myBlog\application\Admin\Controller\BaseController.class.php 第 17 行.
NOTIC: [8] Undefined index: searchRep C:\xampp\htdocs\myBlog\application\Admin\Controller\BaseController.class.php 第 21 行.
SQL: SHOW COLUMNS FROM `diary` [ RunTime:0.0050s ]
SQL: insert into diary(title,content) values ('测试2','<table class="winstyle18308" width="100%" cellspacing="0" cellpadding="0" border="0"><tbody><tr><td class="contentstyle18308"><div class="c18308_content" id="vsb_newscontent"><div id="vsb_content"><p style="font-size: 14px; line-height: 2em; font-family: Arial, Helvetica, sans-serif; margin-bottom: 0px; padding: 0px; color: rgb(102, 102, 102); text-indent: 2em; font-stretch: normal;"><strong>摘 要: </strong><span id="Lb_Abstract" style="margin: 0px; padding: 0px;">综述金属离子对矿物浮选行为的影响及机理，总结和分析直接因素(金属离子种类、价态和浓度等)与间接因素(目的矿物类别、矿浆溶液化学条件(pH和电位)、浮选药剂等)作用下，金属离子对矿物浮选行为的影响规律。据此，探究特定矿浆溶液化学条件对金属离子活化(抑制)矿物浮选的内在原因，提出金属离子影响矿物浮选行为的直接和间接作用机理，为理解金属离子对矿物浮选行为的影响提供参考。</span></p>
<p style="font-size: 14px; line-height: 2em; font-family: Arial, Helvetica, sans-serif; margin-bottom: 0px; padding: 0px; color: rgb(102, 102, 102); text-indent: 2em; font-stretch: normal;">&nbsp;</p>
<p style="font-size: 14px; line-height: 2em; font-family: Arial, Helvetica, sans-serif; margin-bottom: 0px; padding: 0px; color: rgb(102, 102, 102); text-indent: 2em; font-stretch: normal;"><strong>关键字: </strong><span id="Lb_Keywords" style="margin: 0px; padding: 0px;">金属离子；活化；抑制；浮选；矿物</span></p>
<p style="font-size: 14px; line-height: 2em; font-family: Arial, Helvetica, sans-serif; margin-bottom: 0px; padding: 0px; color: rgb(102, 102, 102); text-indent: 2em; font-stretch: normal;"><strong>Abstract:</strong><span id="Lb_AbstractEn" style="margin: 0px; padding: 0px;">The
 influence of metal ions on mineral flotation behavior and the 
underlying mechanisms were reviewed in this work. The relative direct 
factors (category, valence state and concentration of metal ions) and 
indirect factors (mineral of interest, solution pH and potential, and 
flotation reagent) were summarized and analyzed. Accordingly, the direct
 and indirect interaction mechanisms of the activation or depression 
effect of metal ions on mineral flotation were outlined, which improves 
better understanding of the role of metal ion in mineral flotation.</span></p>
<p style="font-size: 14px; line-height: 2em; font-family: Arial, Helvetica, sans-serif; margin-bottom: 0px; padding: 0px; color: rgb(102, 102, 102); text-indent: 2em; font-stretch: normal;">&nbsp;</p>
<p style="font-size: 14px; line-height: 2em; font-family: Arial, Helvetica, sans-serif; margin-bottom: 0px; padding: 0px; color: rgb(102, 102, 102); text-indent: 2em; font-stretch: normal;"><strong>Key words: </strong><span id="Lb_KeywordsEn" style="margin: 0px; padding: 0px;">metal ion; activation; depression; flotation; mineral</span></p>
<p><a href="http://www.ysxbcn.com/paper/paper_316120.html">http://www.ysxbcn.com/paper/paper_316120.html</a></p>
</div></div>
          
           
           
        </td></tr>
        
        <tr><td class="pagestyle18308" align="left">
        </td></tr>
        <tr><td><div id="div_vote_id"></div></td></tr>
      <tr><td class="navstyle18308">
        </td></tr>
    <tr><td align="left">
             附件【<a href="http://hyh.csu.edu.cn/system/_content/download.jsp?urltype=news.DownloadAttachUrl&amp;owner=1140433649&amp;wbfileid=1542518">2017-金属离子对矿物浮选行为的影响及机理研究进展.pdf</a>】已下载<span id="nattach1542518">133</span>次</td></tr></tbody></table>
                    ') [ RunTime:0.0700s ]
INFO: [ view_parse ] --START--
INFO: [ template_filter ] --START--
INFO: Run Behavior\ContentReplaceBehavior [ RunTime:0.000000s ]
INFO: [ template_filter ] --END-- [ RunTime:0.000000s ]
INFO: Run Behavior\ParseTemplateBehavior [ RunTime:0.009001s ]
INFO: [ view_parse ] --END-- [ RunTime:0.009001s ]
INFO: [ view_filter ] --START--
INFO: Run Behavior\WriteHtmlCacheBehavior [ RunTime:0.001000s ]
INFO: [ view_filter ] --END-- [ RunTime:0.001000s ]
INFO: [ app_end ] --START--
INFO: Run Behavior\ShowPageTraceBehavior [ RunTime:0.001000s ]
INFO: [ app_end ] --END-- [ RunTime:0.001000s ]

[ 2018-09-16T20:23:14+08:00 ] 127.0.0.1 /myblog/admin.php/AdmDiary/index
INFO: [ app_init ] --START--
INFO: Run Behavior\BuildLiteBehavior [ RunTime:0.000000s ]
INFO: [ app_init ] --END-- [ RunTime:0.001000s ]
INFO: [ app_begin ] --START--
INFO: Run Behavior\ReadHtmlCacheBehavior [ RunTime:0.002000s ]
INFO: [ app_begin ] --END-- [ RunTime:0.002000s ]
NOTIC: [8] Undefined index: searchDia C:\xampp\htdocs\myBlog\application\Admin\Controller\BaseController.class.php 第 13 行.
NOTIC: [8] Undefined index: searchNote C:\xampp\htdocs\myBlog\application\Admin\Controller\BaseController.class.php 第 17 行.
NOTIC: [8] Undefined index: searchRep C:\xampp\htdocs\myBlog\application\Admin\Controller\BaseController.class.php 第 21 行.
SQL: SHOW COLUMNS FROM `diary` [ RunTime:0.0050s ]
SQL: SELECT COUNT(*) AS tp_count FROM `diary` LIMIT 1   [ RunTime:0.0010s ]
SQL: SELECT * FROM `diary` ORDER BY dateandtime desc LIMIT 0,20   [ RunTime:0.0010s ]
INFO: [ view_parse ] --START--
INFO: [ template_filter ] --START--
INFO: Run Behavior\ContentReplaceBehavior [ RunTime:0.000000s ]
INFO: [ template_filter ] --END-- [ RunTime:0.000000s ]
INFO: Run Behavior\ParseTemplateBehavior [ RunTime:0.011000s ]
INFO: [ view_parse ] --END-- [ RunTime:0.011000s ]
INFO: [ view_filter ] --START--
INFO: Run Behavior\WriteHtmlCacheBehavior [ RunTime:0.001000s ]
INFO: [ view_filter ] --END-- [ RunTime:0.001000s ]
INFO: [ app_end ] --START--
INFO: Run Behavior\ShowPageTraceBehavior [ RunTime:0.002000s ]
INFO: [ app_end ] --END-- [ RunTime:0.002000s ]

[ 2018-09-16T20:23:34+08:00 ] 127.0.0.1 /myblog/admin.php/AdmDiary/del/diaryId/10
INFO: [ app_init ] --START--
INFO: Run Behavior\BuildLiteBehavior [ RunTime:0.000000s ]
INFO: [ app_init ] --END-- [ RunTime:0.000000s ]
INFO: [ app_begin ] --START--
INFO: Run Behavior\ReadHtmlCacheBehavior [ RunTime:0.001000s ]
INFO: [ app_begin ] --END-- [ RunTime:0.001000s ]
NOTIC: [8] Undefined index: searchDia C:\xampp\htdocs\myBlog\application\Admin\Controller\BaseController.class.php 第 13 行.
NOTIC: [8] Undefined index: searchNote C:\xampp\htdocs\myBlog\application\Admin\Controller\BaseController.class.php 第 17 行.
NOTIC: [8] Undefined index: searchRep C:\xampp\htdocs\myBlog\application\Admin\Controller\BaseController.class.php 第 21 行.
SQL: SHOW COLUMNS FROM `diary` [ RunTime:0.0030s ]
SQL: DELETE FROM `diary` WHERE ( diaryId=10 ) [ RunTime:0.0750s ]
INFO: [ view_parse ] --START--
INFO: [ template_filter ] --START--
INFO: Run Behavior\ContentReplaceBehavior [ RunTime:0.000000s ]
INFO: [ template_filter ] --END-- [ RunTime:0.000000s ]
INFO: Run Behavior\ParseTemplateBehavior [ RunTime:0.008001s ]
INFO: [ view_parse ] --END-- [ RunTime:0.008001s ]
INFO: [ view_filter ] --START--
INFO: Run Behavior\WriteHtmlCacheBehavior [ RunTime:0.001000s ]
INFO: [ view_filter ] --END-- [ RunTime:0.001000s ]
INFO: [ app_end ] --START--
INFO: Run Behavior\ShowPageTraceBehavior [ RunTime:0.002000s ]
INFO: [ app_end ] --END-- [ RunTime:0.002000s ]

[ 2018-09-16T20:23:35+08:00 ] 127.0.0.1 /myblog/admin.php/AdmDiary/index
INFO: [ app_init ] --START--
INFO: Run Behavior\BuildLiteBehavior [ RunTime:0.000000s ]
INFO: [ app_init ] --END-- [ RunTime:0.001000s ]
INFO: [ app_begin ] --START--
INFO: Run Behavior\ReadHtmlCacheBehavior [ RunTime:0.001000s ]
INFO: [ app_begin ] --END-- [ RunTime:0.002000s ]
NOTIC: [8] Undefined index: searchDia C:\xampp\htdocs\myBlog\application\Admin\Controller\BaseController.class.php 第 13 行.
NOTIC: [8] Undefined index: searchNote C:\xampp\htdocs\myBlog\application\Admin\Controller\BaseController.class.php 第 17 行.
NOTIC: [8] Undefined index: searchRep C:\xampp\htdocs\myBlog\application\Admin\Controller\BaseController.class.php 第 21 行.
SQL: SHOW COLUMNS FROM `diary` [ RunTime:0.0030s ]
SQL: SELECT COUNT(*) AS tp_count FROM `diary` LIMIT 1   [ RunTime:0.0000s ]
SQL: SELECT * FROM `diary` ORDER BY dateandtime desc LIMIT 0,20   [ RunTime:0.0000s ]
INFO: [ view_parse ] --START--
INFO: [ template_filter ] --START--
INFO: Run Behavior\ContentReplaceBehavior [ RunTime:0.000000s ]
INFO: [ template_filter ] --END-- [ RunTime:0.000000s ]
INFO: Run Behavior\ParseTemplateBehavior [ RunTime:0.011001s ]
INFO: [ view_parse ] --END-- [ RunTime:0.011001s ]
INFO: [ view_filter ] --START--
INFO: Run Behavior\WriteHtmlCacheBehavior [ RunTime:0.001000s ]
INFO: [ view_filter ] --END-- [ RunTime:0.001000s ]
INFO: [ app_end ] --START--
INFO: Run Behavior\ShowPageTraceBehavior [ RunTime:0.001000s ]
INFO: [ app_end ] --END-- [ RunTime:0.001000s ]

