[ 2018-10-06T15:55:31+08:00 ] 127.0.0.1 /myblog/admin.php/AdmDiary/index
INFO: [ app_init ] --START--
INFO: Run Behavior\BuildLiteBehavior [ RunTime:0.000000s ]
INFO: [ app_init ] --END-- [ RunTime:0.009000s ]
INFO: [ app_begin ] --START--
INFO: Run Behavior\ReadHtmlCacheBehavior [ RunTime:0.012001s ]
INFO: [ app_begin ] --END-- [ RunTime:0.012001s ]
NOTIC: [8] Undefined index: searchDia C:\xampp\htdocs\myBlog\application\Admin\Controller\BaseController.class.php 第 13 行.
NOTIC: [8] Undefined index: searchNote C:\xampp\htdocs\myBlog\application\Admin\Controller\BaseController.class.php 第 17 行.
NOTIC: [8] Undefined index: searchRep C:\xampp\htdocs\myBlog\application\Admin\Controller\BaseController.class.php 第 21 行.
SQL: SHOW COLUMNS FROM `diary` [ RunTime:0.0170s ]
SQL: SELECT COUNT(*) AS tp_count FROM `diary` LIMIT 1   [ RunTime:0.0000s ]
SQL: SELECT * FROM `diary` ORDER BY dateandtime desc LIMIT 0,20   [ RunTime:0.0010s ]
INFO: [ view_parse ] --START--
INFO: [ template_filter ] --START--
INFO: Run Behavior\ContentReplaceBehavior [ RunTime:0.000000s ]
INFO: [ template_filter ] --END-- [ RunTime:0.000000s ]
INFO: Run Behavior\ParseTemplateBehavior [ RunTime:0.115006s ]
INFO: [ view_parse ] --END-- [ RunTime:0.115006s ]
INFO: [ view_filter ] --START--
INFO: Run Behavior\WriteHtmlCacheBehavior [ RunTime:0.015001s ]
INFO: [ view_filter ] --END-- [ RunTime:0.015001s ]
INFO: [ app_end ] --START--
INFO: Run Behavior\ShowPageTraceBehavior [ RunTime:0.013001s ]
INFO: [ app_end ] --END-- [ RunTime:0.013001s ]

[ 2018-10-06T15:55:37+08:00 ] 127.0.0.1 /myblog/admin.php/AdmReprint/index
INFO: [ app_init ] --START--
INFO: Run Behavior\BuildLiteBehavior [ RunTime:0.000000s ]
INFO: [ app_init ] --END-- [ RunTime:0.001000s ]
INFO: [ app_begin ] --START--
INFO: Run Behavior\ReadHtmlCacheBehavior [ RunTime:0.002000s ]
INFO: [ app_begin ] --END-- [ RunTime:0.002000s ]
NOTIC: [8] Undefined index: searchDia C:\xampp\htdocs\myBlog\application\Admin\Controller\BaseController.class.php 第 13 行.
NOTIC: [8] Undefined index: searchNote C:\xampp\htdocs\myBlog\application\Admin\Controller\BaseController.class.php 第 17 行.
NOTIC: [8] Undefined index: searchRep C:\xampp\htdocs\myBlog\application\Admin\Controller\BaseController.class.php 第 21 行.
SQL: SHOW COLUMNS FROM `articles` [ RunTime:0.0110s ]
SQL: SELECT COUNT(*) AS tp_count FROM `articles` WHERE ( type=1 ) LIMIT 1   [ RunTime:0.0000s ]
SQL: SELECT `title`,`articleId`,`hints`,`origin` FROM `articles` WHERE ( type=1 ) ORDER BY dateandtime desc LIMIT 0,20   [ RunTime:0.0000s ]
INFO: [ view_parse ] --START--
INFO: [ template_filter ] --START--
INFO: Run Behavior\ContentReplaceBehavior [ RunTime:0.000000s ]
INFO: [ template_filter ] --END-- [ RunTime:0.000000s ]
INFO: Run Behavior\ParseTemplateBehavior [ RunTime:0.032002s ]
INFO: [ view_parse ] --END-- [ RunTime:0.032002s ]
INFO: [ view_filter ] --START--
INFO: Run Behavior\WriteHtmlCacheBehavior [ RunTime:0.001000s ]
INFO: [ view_filter ] --END-- [ RunTime:0.001000s ]
INFO: [ app_end ] --START--
INFO: Run Behavior\ShowPageTraceBehavior [ RunTime:0.001000s ]
INFO: [ app_end ] --END-- [ RunTime:0.001000s ]

[ 2018-10-06T15:55:49+08:00 ] 127.0.0.1 /myblog/admin.php/ChangeArt/index/articleId/8
INFO: [ app_init ] --START--
INFO: Run Behavior\BuildLiteBehavior [ RunTime:0.000000s ]
INFO: [ app_init ] --END-- [ RunTime:0.001000s ]
INFO: [ app_begin ] --START--
INFO: Run Behavior\ReadHtmlCacheBehavior [ RunTime:0.001000s ]
INFO: [ app_begin ] --END-- [ RunTime:0.001000s ]
NOTIC: [8] Undefined index: searchDia C:\xampp\htdocs\myBlog\application\Admin\Controller\BaseController.class.php 第 13 行.
NOTIC: [8] Undefined index: searchNote C:\xampp\htdocs\myBlog\application\Admin\Controller\BaseController.class.php 第 17 行.
NOTIC: [8] Undefined index: searchRep C:\xampp\htdocs\myBlog\application\Admin\Controller\BaseController.class.php 第 21 行.
SQL: SHOW COLUMNS FROM `articles` [ RunTime:0.0040s ]
SQL: SELECT * FROM `articles` WHERE ( articleId=8 ) LIMIT 1   [ RunTime:0.0010s ]
SQL: SHOW COLUMNS FROM `catelog` [ RunTime:0.0030s ]
SQL: SELECT * FROM `catelog`  [ RunTime:0.0010s ]
INFO: [ view_parse ] --START--
INFO: [ template_filter ] --START--
INFO: Run Behavior\ContentReplaceBehavior [ RunTime:0.000000s ]
INFO: [ template_filter ] --END-- [ RunTime:0.000000s ]
INFO: Run Behavior\ParseTemplateBehavior [ RunTime:0.036002s ]
INFO: [ view_parse ] --END-- [ RunTime:0.036002s ]
INFO: [ view_filter ] --START--
INFO: Run Behavior\WriteHtmlCacheBehavior [ RunTime:0.001000s ]
INFO: [ view_filter ] --END-- [ RunTime:0.001000s ]
INFO: [ app_end ] --START--
INFO: Run Behavior\ShowPageTraceBehavior [ RunTime:0.001000s ]
INFO: [ app_end ] --END-- [ RunTime:0.001000s ]

[ 2018-10-06T15:55:54+08:00 ] 127.0.0.1 /myblog/admin.php/ChangeArt/update
INFO: [ app_init ] --START--
INFO: Run Behavior\BuildLiteBehavior [ RunTime:0.000000s ]
INFO: [ app_init ] --END-- [ RunTime:0.001000s ]
INFO: [ app_begin ] --START--
INFO: Run Behavior\ReadHtmlCacheBehavior [ RunTime:0.002000s ]
INFO: [ app_begin ] --END-- [ RunTime:0.002000s ]
NOTIC: [8] Undefined index: searchDia C:\xampp\htdocs\myBlog\application\Admin\Controller\BaseController.class.php 第 13 行.
NOTIC: [8] Undefined index: searchNote C:\xampp\htdocs\myBlog\application\Admin\Controller\BaseController.class.php 第 17 行.
NOTIC: [8] Undefined index: searchRep C:\xampp\htdocs\myBlog\application\Admin\Controller\BaseController.class.php 第 21 行.
SQL: SHOW COLUMNS FROM `articles` [ RunTime:0.0030s ]
SQL: update articles set  title='新科技赋能，智能锁行业要变天了？',writer='张含',header='新科技赋能传统行业，一方面会给传统行业带来新的机遇，改变传统行业的沉疴宿疾，另一方面又会逼迫传统行业转型升级，造成优胜劣汰、行业洗牌，但科技的春风对传统行业的洗礼又因行业不同而有所不同。',content='
                        
                        <p>锁，是家庭入户的第一道关卡，守护的是家庭的生命和财产安全。不管是买房还是租房，换锁是第一件要做的事情。用户认知和用户习惯决定了在做决定时思虑更多，考虑成本更大。因此，新技术赋能传统锁企很显然是Hard模式，推进难度比其他行业大得多。</p>
<p>亿欧家居对国内主要智能锁企业做了一个简单的统计，发现现在<strong>几乎所有锁企都已涉足智能锁的研发</strong>，但智能锁产业链条长、事项多、要求高，<strong>智能锁行业分裂成“研发、销售”和“研发、生产、销售、服务”两大阵营</strong>。孰优孰劣，还有待市场检验</p>
                                                            ',origin='亿欧网',link='https://www.iyiou.com/',type='1',cateId='3' where articleId=8; [ RunTime:0.0220s ]
INFO: [ view_parse ] --START--
INFO: [ template_filter ] --START--
INFO: Run Behavior\ContentReplaceBehavior [ RunTime:0.000000s ]
INFO: [ template_filter ] --END-- [ RunTime:0.000000s ]
INFO: Run Behavior\ParseTemplateBehavior [ RunTime:0.025001s ]
INFO: [ view_parse ] --END-- [ RunTime:0.025001s ]
INFO: [ view_filter ] --START--
INFO: Run Behavior\WriteHtmlCacheBehavior [ RunTime:0.001000s ]
INFO: [ view_filter ] --END-- [ RunTime:0.001000s ]
INFO: [ app_end ] --START--
INFO: Run Behavior\ShowPageTraceBehavior [ RunTime:0.002000s ]
INFO: [ app_end ] --END-- [ RunTime:0.002000s ]

[ 2018-10-06T15:55:56+08:00 ] 127.0.0.1 /myblog/admin.php/AdmReprint/index.html
INFO: [ app_init ] --START--
INFO: Run Behavior\BuildLiteBehavior [ RunTime:0.000000s ]
INFO: [ app_init ] --END-- [ RunTime:0.001000s ]
INFO: [ app_begin ] --START--
INFO: Run Behavior\ReadHtmlCacheBehavior [ RunTime:0.001000s ]
INFO: [ app_begin ] --END-- [ RunTime:0.001000s ]
NOTIC: [8] Undefined index: searchDia C:\xampp\htdocs\myBlog\application\Admin\Controller\BaseController.class.php 第 13 行.
NOTIC: [8] Undefined index: searchNote C:\xampp\htdocs\myBlog\application\Admin\Controller\BaseController.class.php 第 17 行.
NOTIC: [8] Undefined index: searchRep C:\xampp\htdocs\myBlog\application\Admin\Controller\BaseController.class.php 第 21 行.
SQL: SHOW COLUMNS FROM `articles` [ RunTime:0.0040s ]
SQL: SELECT COUNT(*) AS tp_count FROM `articles` WHERE ( type=1 ) LIMIT 1   [ RunTime:0.0010s ]
SQL: SELECT `title`,`articleId`,`hints`,`origin` FROM `articles` WHERE ( type=1 ) ORDER BY dateandtime desc LIMIT 0,20   [ RunTime:0.0010s ]
INFO: [ view_parse ] --START--
INFO: [ template_filter ] --START--
INFO: Run Behavior\ContentReplaceBehavior [ RunTime:0.000000s ]
INFO: [ template_filter ] --END-- [ RunTime:0.000000s ]
INFO: Run Behavior\ParseTemplateBehavior [ RunTime:0.011001s ]
INFO: [ view_parse ] --END-- [ RunTime:0.011001s ]
INFO: [ view_filter ] --START--
INFO: Run Behavior\WriteHtmlCacheBehavior [ RunTime:0.001000s ]
INFO: [ view_filter ] --END-- [ RunTime:0.001000s ]
INFO: [ app_end ] --START--
INFO: Run Behavior\ShowPageTraceBehavior [ RunTime:0.001000s ]
INFO: [ app_end ] --END-- [ RunTime:0.001000s ]

[ 2018-10-06T15:56:01+08:00 ] 127.0.0.1 /myblog/admin.php/ChangeArt/index/articleId/8
INFO: [ app_init ] --START--
INFO: Run Behavior\BuildLiteBehavior [ RunTime:0.000000s ]
INFO: [ app_init ] --END-- [ RunTime:0.000000s ]
INFO: [ app_begin ] --START--
INFO: Run Behavior\ReadHtmlCacheBehavior [ RunTime:0.001000s ]
INFO: [ app_begin ] --END-- [ RunTime:0.001000s ]
NOTIC: [8] Undefined index: searchDia C:\xampp\htdocs\myBlog\application\Admin\Controller\BaseController.class.php 第 13 行.
NOTIC: [8] Undefined index: searchNote C:\xampp\htdocs\myBlog\application\Admin\Controller\BaseController.class.php 第 17 行.
NOTIC: [8] Undefined index: searchRep C:\xampp\htdocs\myBlog\application\Admin\Controller\BaseController.class.php 第 21 行.
SQL: SHOW COLUMNS FROM `articles` [ RunTime:0.0040s ]
SQL: SELECT * FROM `articles` WHERE ( articleId=8 ) LIMIT 1   [ RunTime:0.0000s ]
SQL: SHOW COLUMNS FROM `catelog` [ RunTime:0.0040s ]
SQL: SELECT * FROM `catelog`  [ RunTime:0.0000s ]
INFO: [ view_parse ] --START--
INFO: [ template_filter ] --START--
INFO: Run Behavior\ContentReplaceBehavior [ RunTime:0.000000s ]
INFO: [ template_filter ] --END-- [ RunTime:0.000000s ]
INFO: Run Behavior\ParseTemplateBehavior [ RunTime:0.012000s ]
INFO: [ view_parse ] --END-- [ RunTime:0.012000s ]
INFO: [ view_filter ] --START--
INFO: Run Behavior\WriteHtmlCacheBehavior [ RunTime:0.002001s ]
INFO: [ view_filter ] --END-- [ RunTime:0.002001s ]
INFO: [ app_end ] --START--
INFO: Run Behavior\ShowPageTraceBehavior [ RunTime:0.001000s ]
INFO: [ app_end ] --END-- [ RunTime:0.001000s ]

[ 2018-10-06T15:56:07+08:00 ] 127.0.0.1 /myblog/admin.php/ChangeArt/update
INFO: [ app_init ] --START--
INFO: Run Behavior\BuildLiteBehavior [ RunTime:0.000000s ]
INFO: [ app_init ] --END-- [ RunTime:0.001000s ]
INFO: [ app_begin ] --START--
INFO: Run Behavior\ReadHtmlCacheBehavior [ RunTime:0.001000s ]
INFO: [ app_begin ] --END-- [ RunTime:0.001000s ]
NOTIC: [8] Undefined index: searchDia C:\xampp\htdocs\myBlog\application\Admin\Controller\BaseController.class.php 第 13 行.
NOTIC: [8] Undefined index: searchNote C:\xampp\htdocs\myBlog\application\Admin\Controller\BaseController.class.php 第 17 行.
NOTIC: [8] Undefined index: searchRep C:\xampp\htdocs\myBlog\application\Admin\Controller\BaseController.class.php 第 21 行.
SQL: SHOW COLUMNS FROM `articles` [ RunTime:0.0040s ]
SQL: update articles set  title='新科技赋能，智能锁行业要变天了？',writer='张含',header='新科技赋能传统行业，一方面会给传统行业带来新的机遇，改变传统行业的沉疴宿疾，另一方面又会逼迫传统行业转型升级，造成优胜劣汰、行业洗牌，但科技的春风对传统行业的洗礼又因行业不同而有所不同。',content='
                        
                        
                        <p>锁，是家庭入户的第一道关卡，守护的是家庭的生命和财产安全。不管是买房还是租房，换锁是第一件要做的事情。用户认知和用户习惯决定了在做决定时思虑更多，考虑成本更大。因此，新技术赋能传统锁企很显然是Hard模式，推进难度比其他行业大得多。</p>
<p>亿欧家居对国内主要智能锁企业做了一个简单的统计，发现现在<strong>几乎所有锁企都已涉足智能锁的研发</strong>，但智能锁产业链条长、事项多、要求高，<strong>智能锁行业分裂成“研发、销售”和“研发、生产、销售、服务”两大阵营</strong>。孰优孰劣，还有待市场检验。</p>
                                                                                ',origin='亿欧网',link='https://www.iyiou.com/',type='1',cateId='3' where articleId=8; [ RunTime:0.0430s ]
INFO: [ view_parse ] --START--
INFO: [ template_filter ] --START--
INFO: Run Behavior\ContentReplaceBehavior [ RunTime:0.001000s ]
INFO: [ template_filter ] --END-- [ RunTime:0.001000s ]
INFO: Run Behavior\ParseTemplateBehavior [ RunTime:0.009000s ]
INFO: [ view_parse ] --END-- [ RunTime:0.009000s ]
INFO: [ view_filter ] --START--
INFO: Run Behavior\WriteHtmlCacheBehavior [ RunTime:0.002000s ]
INFO: [ view_filter ] --END-- [ RunTime:0.002000s ]
INFO: [ app_end ] --START--
INFO: Run Behavior\ShowPageTraceBehavior [ RunTime:0.001000s ]
INFO: [ app_end ] --END-- [ RunTime:0.001000s ]

[ 2018-10-06T15:56:10+08:00 ] 127.0.0.1 /myblog/admin.php/AdmReprint/index.html
INFO: [ app_init ] --START--
INFO: Run Behavior\BuildLiteBehavior [ RunTime:0.000000s ]
INFO: [ app_init ] --END-- [ RunTime:0.000000s ]
INFO: [ app_begin ] --START--
INFO: Run Behavior\ReadHtmlCacheBehavior [ RunTime:0.001000s ]
INFO: [ app_begin ] --END-- [ RunTime:0.001000s ]
NOTIC: [8] Undefined index: searchDia C:\xampp\htdocs\myBlog\application\Admin\Controller\BaseController.class.php 第 13 行.
NOTIC: [8] Undefined index: searchNote C:\xampp\htdocs\myBlog\application\Admin\Controller\BaseController.class.php 第 17 行.
NOTIC: [8] Undefined index: searchRep C:\xampp\htdocs\myBlog\application\Admin\Controller\BaseController.class.php 第 21 行.
SQL: SHOW COLUMNS FROM `articles` [ RunTime:0.0040s ]
SQL: SELECT COUNT(*) AS tp_count FROM `articles` WHERE ( type=1 ) LIMIT 1   [ RunTime:0.0000s ]
SQL: SELECT `title`,`articleId`,`hints`,`origin` FROM `articles` WHERE ( type=1 ) ORDER BY dateandtime desc LIMIT 0,20   [ RunTime:0.0000s ]
INFO: [ view_parse ] --START--
INFO: [ template_filter ] --START--
INFO: Run Behavior\ContentReplaceBehavior [ RunTime:0.000000s ]
INFO: [ template_filter ] --END-- [ RunTime:0.000000s ]
INFO: Run Behavior\ParseTemplateBehavior [ RunTime:0.011000s ]
INFO: [ view_parse ] --END-- [ RunTime:0.011000s ]
INFO: [ view_filter ] --START--
INFO: Run Behavior\WriteHtmlCacheBehavior [ RunTime:0.001000s ]
INFO: [ view_filter ] --END-- [ RunTime:0.002000s ]
INFO: [ app_end ] --START--
INFO: Run Behavior\ShowPageTraceBehavior [ RunTime:0.001001s ]
INFO: [ app_end ] --END-- [ RunTime:0.001001s ]

[ 2018-10-06T15:56:17+08:00 ] 127.0.0.1 /myblog/admin.php/ChangeArt/index/articleId/8
INFO: [ app_init ] --START--
INFO: Run Behavior\BuildLiteBehavior [ RunTime:0.000000s ]
INFO: [ app_init ] --END-- [ RunTime:0.001000s ]
INFO: [ app_begin ] --START--
INFO: Run Behavior\ReadHtmlCacheBehavior [ RunTime:0.001000s ]
INFO: [ app_begin ] --END-- [ RunTime:0.001000s ]
NOTIC: [8] Undefined index: searchDia C:\xampp\htdocs\myBlog\application\Admin\Controller\BaseController.class.php 第 13 行.
NOTIC: [8] Undefined index: searchNote C:\xampp\htdocs\myBlog\application\Admin\Controller\BaseController.class.php 第 17 行.
NOTIC: [8] Undefined index: searchRep C:\xampp\htdocs\myBlog\application\Admin\Controller\BaseController.class.php 第 21 行.
SQL: SHOW COLUMNS FROM `articles` [ RunTime:0.0040s ]
SQL: SELECT * FROM `articles` WHERE ( articleId=8 ) LIMIT 1   [ RunTime:0.0010s ]
SQL: SHOW COLUMNS FROM `catelog` [ RunTime:0.0030s ]
SQL: SELECT * FROM `catelog`  [ RunTime:0.0010s ]
INFO: [ view_parse ] --START--
INFO: [ template_filter ] --START--
INFO: Run Behavior\ContentReplaceBehavior [ RunTime:0.000000s ]
INFO: [ template_filter ] --END-- [ RunTime:0.000000s ]
INFO: Run Behavior\ParseTemplateBehavior [ RunTime:0.013001s ]
INFO: [ view_parse ] --END-- [ RunTime:0.013001s ]
INFO: [ view_filter ] --START--
INFO: Run Behavior\WriteHtmlCacheBehavior [ RunTime:0.002000s ]
INFO: [ view_filter ] --END-- [ RunTime:0.002000s ]
INFO: [ app_end ] --START--
INFO: Run Behavior\ShowPageTraceBehavior [ RunTime:0.001000s ]
INFO: [ app_end ] --END-- [ RunTime:0.001000s ]

